This file contains any messages produced by compilers while
running configure, to aid debugging if configure makes a mistake.

It was created by readline configure 8.2, which was
generated by GNU Autoconf 2.71.  Invocation command line was

  $ ./configure

## --------- ##
## Platform. ##
## --------- ##

hostname = macs-Mac-mini.home
uname -m = x86_64
uname -r = 19.6.0
uname -s = Darwin
uname -v = Darwin Kernel Version 19.6.0: Tue Jun 21 21:18:39 PDT 2022; root:xnu-6153.141.66~1/RELEASE_X86_64

/usr/bin/uname -p = i386
/bin/uname -X     = unknown

/bin/arch              = unknown
/usr/bin/arch -k       = unknown
/usr/convex/getsysinfo = unknown
/usr/bin/hostinfo      = Mach kernel version:
	 Darwin Kernel Version 19.6.0: Tue Jun 21 21:18:39 PDT 2022; root:xnu-6153.141.66~1/RELEASE_X86_64
Kernel configured for up to 4 processors.
2 processors are physically available.
4 processors are logically available.
Processor type: i486 (Intel 80486)
Processors active: 0 1 2 3
Primary memory available: 16.00 gigabytes
Default processor set: 357 tasks, 1801 threads, 4 processors
Load average: 1.42, Mach factor: 2.98
/bin/machine           = unknown
/usr/bin/oslevel       = unknown
/bin/universe          = unknown

PATH: /usr/local/bin/
PATH: /usr/bin/
PATH: /bin/
PATH: /usr/sbin/
PATH: /sbin/


## ----------- ##
## Core tests. ##
## ----------- ##

configure:2754: looking for aux files: install-sh config.guess config.sub
configure:2767:  trying ././support/
configure:2781:   ././support/install.sh found
configure:2796:   ././support/config.guess found
configure:2796:   ././support/config.sub found
configure:2924: checking build system type
configure:2939: result: x86_64-apple-darwin19.6.0
configure:2959: checking host system type
configure:2973: result: x86_64-apple-darwin19.6.0
configure:3100: checking whether make sets $(MAKE)
configure:3123: result: yes
configure:3194: checking for gcc
configure:3215: found /usr/bin/gcc
configure:3226: result: gcc
configure:3579: checking for C compiler version
configure:3588: gcc --version >&5
Apple clang version 12.0.0 (clang-1200.0.32.29)
Target: x86_64-apple-darwin19.6.0
Thread model: posix
InstalledDir: /Library/Developer/CommandLineTools/usr/bin
Configured with: --prefix=/Library/Developer/CommandLineTools/usr --with-gxx-include-dir=/Library/Developer/CommandLineTools/SDKs/MacOSX10.15.sdk/usr/include/c++/4.2.1
configure:3599: $? = 0
configure:3588: gcc -v >&5
Configured with: --prefix=/Library/Developer/CommandLineTools/usr --with-gxx-include-dir=/Library/Developer/CommandLineTools/SDKs/MacOSX10.15.sdk/usr/include/c++/4.2.1
Apple clang version 12.0.0 (clang-1200.0.32.29)
Target: x86_64-apple-darwin19.6.0
Thread model: posix
InstalledDir: /Library/Developer/CommandLineTools/usr/bin
configure:3599: $? = 0
configure:3588: gcc -V >&5
clang: error: argument to '-V' is missing (expected 1 value)
clang: error: no input files
configure:3599: $? = 1
configure:3588: gcc -qversion >&5
clang: error: unknown argument '-qversion'; did you mean '--version'?
clang: error: no input files
configure:3599: $? = 1
configure:3588: gcc -version >&5
clang: error: unknown argument '-version'; did you mean '--version'?
clang: error: no input files
configure:3599: $? = 1
configure:3619: checking whether the C compiler works
configure:3641: gcc    conftest.c  >&5
configure:3645: $? = 0
configure:3695: result: yes
configure:3698: checking for C compiler default output file name
configure:3700: result: a.out
configure:3706: checking for suffix of executables
configure:3713: gcc -o conftest    conftest.c  >&5
configure:3717: $? = 0
configure:3740: result: 
configure:3762: checking whether we are cross compiling
configure:3770: gcc -o conftest    conftest.c  >&5
configure:3774: $? = 0
configure:3781: ./conftest
configure:3785: $? = 0
configure:3800: result: no
configure:3805: checking for suffix of object files
configure:3828: gcc -c   conftest.c >&5
configure:3832: $? = 0
configure:3854: result: o
configure:3858: checking whether the compiler supports GNU C
configure:3878: gcc -c   conftest.c >&5
configure:3878: $? = 0
configure:3888: result: yes
configure:3899: checking whether gcc accepts -g
configure:3920: gcc -c -g  conftest.c >&5
configure:3920: $? = 0
configure:3964: result: yes
configure:3984: checking for gcc option to enable C11 features
configure:3999: gcc  -c -g -O2  conftest.c >&5
configure:3999: $? = 0
configure:4017: result: none needed
configure:4132: checking for stdio.h
configure:4132: gcc -c -g -O2  conftest.c >&5
configure:4132: $? = 0
configure:4132: result: yes
configure:4132: checking for stdlib.h
configure:4132: gcc -c -g -O2  conftest.c >&5
configure:4132: $? = 0
configure:4132: result: yes
configure:4132: checking for string.h
configure:4132: gcc -c -g -O2  conftest.c >&5
configure:4132: $? = 0
configure:4132: result: yes
configure:4132: checking for inttypes.h
configure:4132: gcc -c -g -O2  conftest.c >&5
configure:4132: $? = 0
configure:4132: result: yes
configure:4132: checking for stdint.h
configure:4132: gcc -c -g -O2  conftest.c >&5
configure:4132: $? = 0
configure:4132: result: yes
configure:4132: checking for strings.h
configure:4132: gcc -c -g -O2  conftest.c >&5
configure:4132: $? = 0
configure:4132: result: yes
configure:4132: checking for sys/stat.h
configure:4132: gcc -c -g -O2  conftest.c >&5
configure:4132: $? = 0
configure:4132: result: yes
configure:4132: checking for sys/types.h
configure:4132: gcc -c -g -O2  conftest.c >&5
configure:4132: $? = 0
configure:4132: result: yes
configure:4132: checking for unistd.h
configure:4132: gcc -c -g -O2  conftest.c >&5
configure:4132: $? = 0
configure:4132: result: yes
configure:4132: checking for wchar.h
configure:4132: gcc -c -g -O2  conftest.c >&5
configure:4132: $? = 0
configure:4132: result: yes
configure:4132: checking for minix/config.h
configure:4132: gcc -c -g -O2  conftest.c >&5
conftest.c:47:10: fatal error: 'minix/config.h' file not found
#include <minix/config.h>
         ^~~~~~~~~~~~~~~~
1 error generated.
configure:4132: $? = 1
configure: failed program was:
| /* confdefs.h */
| #define PACKAGE_NAME "readline"
| #define PACKAGE_TARNAME "readline"
| #define PACKAGE_VERSION "8.2"
| #define PACKAGE_STRING "readline 8.2"
| #define PACKAGE_BUGREPORT "bug-readline@gnu.org"
| #define PACKAGE_URL ""
| #define HAVE_STDIO_H 1
| #define HAVE_STDLIB_H 1
| #define HAVE_STRING_H 1
| #define HAVE_INTTYPES_H 1
| #define HAVE_STDINT_H 1
| #define HAVE_STRINGS_H 1
| #define HAVE_SYS_STAT_H 1
| #define HAVE_SYS_TYPES_H 1
| #define HAVE_UNISTD_H 1
| #define HAVE_WCHAR_H 1
| /* end confdefs.h.  */
| #include <stddef.h>
| #ifdef HAVE_STDIO_H
| # include <stdio.h>
| #endif
| #ifdef HAVE_STDLIB_H
| # include <stdlib.h>
| #endif
| #ifdef HAVE_STRING_H
| # include <string.h>
| #endif
| #ifdef HAVE_INTTYPES_H
| # include <inttypes.h>
| #endif
| #ifdef HAVE_STDINT_H
| # include <stdint.h>
| #endif
| #ifdef HAVE_STRINGS_H
| # include <strings.h>
| #endif
| #ifdef HAVE_SYS_TYPES_H
| # include <sys/types.h>
| #endif
| #ifdef HAVE_SYS_STAT_H
| # include <sys/stat.h>
| #endif
| #ifdef HAVE_UNISTD_H
| # include <unistd.h>
| #endif
| #include <minix/config.h>
configure:4132: result: no
configure:4163: checking whether it is safe to define __EXTENSIONS__
configure:4182: gcc -c -g -O2  conftest.c >&5
configure:4182: $? = 0
configure:4190: result: yes
configure:4193: checking whether _XOPEN_SOURCE should be defined
configure:4215: gcc -c -g -O2  conftest.c >&5
configure:4215: $? = 0
configure:4242: result: no
configure:4310: checking how to run the C preprocessor
configure:4336: gcc -E  conftest.c
configure:4336: $? = 0
configure:4351: gcc -E  conftest.c
conftest.c:36:10: fatal error: 'ac_nonexistent.h' file not found
#include <ac_nonexistent.h>
         ^~~~~~~~~~~~~~~~~~
1 error generated.
configure:4351: $? = 1
configure: failed program was:
| /* confdefs.h */
| #define PACKAGE_NAME "readline"
| #define PACKAGE_TARNAME "readline"
| #define PACKAGE_VERSION "8.2"
| #define PACKAGE_STRING "readline 8.2"
| #define PACKAGE_BUGREPORT "bug-readline@gnu.org"
| #define PACKAGE_URL ""
| #define HAVE_STDIO_H 1
| #define HAVE_STDLIB_H 1
| #define HAVE_STRING_H 1
| #define HAVE_INTTYPES_H 1
| #define HAVE_STDINT_H 1
| #define HAVE_STRINGS_H 1
| #define HAVE_SYS_STAT_H 1
| #define HAVE_SYS_TYPES_H 1
| #define HAVE_UNISTD_H 1
| #define HAVE_WCHAR_H 1
| #define STDC_HEADERS 1
| #define _ALL_SOURCE 1
| #define _DARWIN_C_SOURCE 1
| #define _GNU_SOURCE 1
| #define _HPUX_ALT_XOPEN_SOCKET_API 1
| #define _NETBSD_SOURCE 1
| #define _OPENBSD_SOURCE 1
| #define _POSIX_PTHREAD_SEMANTICS 1
| #define __STDC_WANT_IEC_60559_ATTRIBS_EXT__ 1
| #define __STDC_WANT_IEC_60559_BFP_EXT__ 1
| #define __STDC_WANT_IEC_60559_DFP_EXT__ 1
| #define __STDC_WANT_IEC_60559_FUNCS_EXT__ 1
| #define __STDC_WANT_IEC_60559_TYPES_EXT__ 1
| #define __STDC_WANT_LIB_EXT2__ 1
| #define __STDC_WANT_MATH_SPEC_FUNCS__ 1
| #define _TANDEM_SOURCE 1
| #define __EXTENSIONS__ 1
| /* end confdefs.h.  */
| #include <ac_nonexistent.h>
configure:4378: result: gcc -E
configure:4392: gcc -E  conftest.c
configure:4392: $? = 0
configure:4407: gcc -E  conftest.c
conftest.c:36:10: fatal error: 'ac_nonexistent.h' file not found
#include <ac_nonexistent.h>
         ^~~~~~~~~~~~~~~~~~
1 error generated.
configure:4407: $? = 1
configure: failed program was:
| /* confdefs.h */
| #define PACKAGE_NAME "readline"
| #define PACKAGE_TARNAME "readline"
| #define PACKAGE_VERSION "8.2"
| #define PACKAGE_STRING "readline 8.2"
| #define PACKAGE_BUGREPORT "bug-readline@gnu.org"
| #define PACKAGE_URL ""
| #define HAVE_STDIO_H 1
| #define HAVE_STDLIB_H 1
| #define HAVE_STRING_H 1
| #define HAVE_INTTYPES_H 1
| #define HAVE_STDINT_H 1
| #define HAVE_STRINGS_H 1
| #define HAVE_SYS_STAT_H 1
| #define HAVE_SYS_TYPES_H 1
| #define HAVE_UNISTD_H 1
| #define HAVE_WCHAR_H 1
| #define STDC_HEADERS 1
| #define _ALL_SOURCE 1
| #define _DARWIN_C_SOURCE 1
| #define _GNU_SOURCE 1
| #define _HPUX_ALT_XOPEN_SOCKET_API 1
| #define _NETBSD_SOURCE 1
| #define _OPENBSD_SOURCE 1
| #define _POSIX_PTHREAD_SEMANTICS 1
| #define __STDC_WANT_IEC_60559_ATTRIBS_EXT__ 1
| #define __STDC_WANT_IEC_60559_BFP_EXT__ 1
| #define __STDC_WANT_IEC_60559_DFP_EXT__ 1
| #define __STDC_WANT_IEC_60559_FUNCS_EXT__ 1
| #define __STDC_WANT_IEC_60559_TYPES_EXT__ 1
| #define __STDC_WANT_LIB_EXT2__ 1
| #define __STDC_WANT_MATH_SPEC_FUNCS__ 1
| #define _TANDEM_SOURCE 1
| #define __EXTENSIONS__ 1
| /* end confdefs.h.  */
| #include <ac_nonexistent.h>
configure:4438: checking for grep that handles long lines and -e
configure:4502: result: /usr/bin/grep
configure:4507: checking for egrep
configure:4575: result: /usr/bin/grep -E
configure:4581: checking whether gcc needs -traditional
conftest.c:36:10: fatal error: 'termio.h' file not found
#include <termio.h>
         ^~~~~~~~~~
1 error generated.
configure:4618: result: no
configure:4640: checking for a BSD-compatible install
configure:4713: result: /usr/bin/install -c
configure:4772: checking for ar
configure:4793: found /usr/bin/ar
configure:4804: result: ar
configure:4875: checking for ranlib
configure:4896: found /usr/bin/ranlib
configure:4907: result: ranlib
configure:4940: checking for an ANSI C-conforming const
configure:5007: gcc -c -g -O2  conftest.c >&5
configure:5007: $? = 0
configure:5015: result: yes
configure:5023: checking for inline
configure:5040: gcc -c -g -O2  conftest.c >&5
configure:5040: $? = 0
configure:5049: result: inline
configure:5076: checking whether char is unsigned
configure:5096: gcc -c -g -O2  conftest.c >&5
configure:5096: $? = 0
configure:5104: result: no
configure:5111: checking for working volatile
configure:5131: gcc -c -g -O2  conftest.c >&5
configure:5131: $? = 0
configure:5139: result: yes
configure:5148: checking for size_t
configure:5148: gcc -c -g -O2  conftest.c >&5
configure:5148: $? = 0
configure:5148: gcc -c -g -O2  conftest.c >&5
conftest.c:69:21: error: expected expression
if (sizeof ((size_t)))
                    ^
1 error generated.
configure:5148: $? = 1
configure: failed program was:
| /* confdefs.h */
| #define PACKAGE_NAME "readline"
| #define PACKAGE_TARNAME "readline"
| #define PACKAGE_VERSION "8.2"
| #define PACKAGE_STRING "readline 8.2"
| #define PACKAGE_BUGREPORT "bug-readline@gnu.org"
| #define PACKAGE_URL ""
| #define HAVE_STDIO_H 1
| #define HAVE_STDLIB_H 1
| #define HAVE_STRING_H 1
| #define HAVE_INTTYPES_H 1
| #define HAVE_STDINT_H 1
| #define HAVE_STRINGS_H 1
| #define HAVE_SYS_STAT_H 1
| #define HAVE_SYS_TYPES_H 1
| #define HAVE_UNISTD_H 1
| #define HAVE_WCHAR_H 1
| #define STDC_HEADERS 1
| #define _ALL_SOURCE 1
| #define _DARWIN_C_SOURCE 1
| #define _GNU_SOURCE 1
| #define _HPUX_ALT_XOPEN_SOCKET_API 1
| #define _NETBSD_SOURCE 1
| #define _OPENBSD_SOURCE 1
| #define _POSIX_PTHREAD_SEMANTICS 1
| #define __STDC_WANT_IEC_60559_ATTRIBS_EXT__ 1
| #define __STDC_WANT_IEC_60559_BFP_EXT__ 1
| #define __STDC_WANT_IEC_60559_DFP_EXT__ 1
| #define __STDC_WANT_IEC_60559_FUNCS_EXT__ 1
| #define __STDC_WANT_IEC_60559_TYPES_EXT__ 1
| #define __STDC_WANT_LIB_EXT2__ 1
| #define __STDC_WANT_MATH_SPEC_FUNCS__ 1
| #define _TANDEM_SOURCE 1
| #define __EXTENSIONS__ 1
| #define PROTOTYPES 1
| #define __PROTOTYPES 1
| /* end confdefs.h.  */
| #include <stddef.h>
| #ifdef HAVE_STDIO_H
| # include <stdio.h>
| #endif
| #ifdef HAVE_STDLIB_H
| # include <stdlib.h>
| #endif
| #ifdef HAVE_STRING_H
| # include <string.h>
| #endif
| #ifdef HAVE_INTTYPES_H
| # include <inttypes.h>
| #endif
| #ifdef HAVE_STDINT_H
| # include <stdint.h>
| #endif
| #ifdef HAVE_STRINGS_H
| # include <strings.h>
| #endif
| #ifdef HAVE_SYS_TYPES_H
| # include <sys/types.h>
| #endif
| #ifdef HAVE_SYS_STAT_H
| # include <sys/stat.h>
| #endif
| #ifdef HAVE_UNISTD_H
| # include <unistd.h>
| #endif
| int
| main (void)
| {
| if (sizeof ((size_t)))
| 	    return 0;
|   ;
|   return 0;
| }
configure:5148: result: yes
configure:5158: checking for ssize_t
configure:5158: gcc -c -g -O2  conftest.c >&5
configure:5158: $? = 0
configure:5158: gcc -c -g -O2  conftest.c >&5
conftest.c:69:22: error: expected expression
if (sizeof ((ssize_t)))
                     ^
1 error generated.
configure:5158: $? = 1
configure: failed program was:
| /* confdefs.h */
| #define PACKAGE_NAME "readline"
| #define PACKAGE_TARNAME "readline"
| #define PACKAGE_VERSION "8.2"
| #define PACKAGE_STRING "readline 8.2"
| #define PACKAGE_BUGREPORT "bug-readline@gnu.org"
| #define PACKAGE_URL ""
| #define HAVE_STDIO_H 1
| #define HAVE_STDLIB_H 1
| #define HAVE_STRING_H 1
| #define HAVE_INTTYPES_H 1
| #define HAVE_STDINT_H 1
| #define HAVE_STRINGS_H 1
| #define HAVE_SYS_STAT_H 1
| #define HAVE_SYS_TYPES_H 1
| #define HAVE_UNISTD_H 1
| #define HAVE_WCHAR_H 1
| #define STDC_HEADERS 1
| #define _ALL_SOURCE 1
| #define _DARWIN_C_SOURCE 1
| #define _GNU_SOURCE 1
| #define _HPUX_ALT_XOPEN_SOCKET_API 1
| #define _NETBSD_SOURCE 1
| #define _OPENBSD_SOURCE 1
| #define _POSIX_PTHREAD_SEMANTICS 1
| #define __STDC_WANT_IEC_60559_ATTRIBS_EXT__ 1
| #define __STDC_WANT_IEC_60559_BFP_EXT__ 1
| #define __STDC_WANT_IEC_60559_DFP_EXT__ 1
| #define __STDC_WANT_IEC_60559_FUNCS_EXT__ 1
| #define __STDC_WANT_IEC_60559_TYPES_EXT__ 1
| #define __STDC_WANT_LIB_EXT2__ 1
| #define __STDC_WANT_MATH_SPEC_FUNCS__ 1
| #define _TANDEM_SOURCE 1
| #define __EXTENSIONS__ 1
| #define PROTOTYPES 1
| #define __PROTOTYPES 1
| /* end confdefs.h.  */
| #include <stddef.h>
| #ifdef HAVE_STDIO_H
| # include <stdio.h>
| #endif
| #ifdef HAVE_STDLIB_H
| # include <stdlib.h>
| #endif
| #ifdef HAVE_STRING_H
| # include <string.h>
| #endif
| #ifdef HAVE_INTTYPES_H
| # include <inttypes.h>
| #endif
| #ifdef HAVE_STDINT_H
| # include <stdint.h>
| #endif
| #ifdef HAVE_STRINGS_H
| # include <strings.h>
| #endif
| #ifdef HAVE_SYS_TYPES_H
| # include <sys/types.h>
| #endif
| #ifdef HAVE_SYS_STAT_H
| # include <sys/stat.h>
| #endif
| #ifdef HAVE_UNISTD_H
| # include <unistd.h>
| #endif
| int
| main (void)
| {
| if (sizeof ((ssize_t)))
| 	    return 0;
|   ;
|   return 0;
| }
configure:5158: result: yes
configure:5169: checking whether stat file-mode macros are broken
configure:5197: gcc -c -g -O2  conftest.c >&5
configure:5197: $? = 0
configure:5205: result: no
configure:5216: checking for dirent.h that defines DIR
configure:5236: gcc -c -g -O2  conftest.c >&5
configure:5236: $? = 0
configure:5245: result: yes
configure:5259: checking for library containing opendir
configure:5289: gcc -o conftest -g -O2   conftest.c  >&5
configure:5289: $? = 0
configure:5309: result: none required
configure:5381: checking for fcntl
configure:5381: gcc -o conftest -g -O2   conftest.c  >&5
configure:5381: $? = 0
configure:5381: result: yes
configure:5387: checking for gettimeofday
configure:5387: gcc -o conftest -g -O2   conftest.c  >&5
configure:5387: $? = 0
configure:5387: result: yes
configure:5393: checking for kill
configure:5393: gcc -o conftest -g -O2   conftest.c  >&5
configure:5393: $? = 0
configure:5393: result: yes
configure:5399: checking for lstat
configure:5399: gcc -o conftest -g -O2   conftest.c  >&5
configure:5399: $? = 0
configure:5399: result: yes
configure:5405: checking for pselect
configure:5405: gcc -o conftest -g -O2   conftest.c  >&5
configure:5405: $? = 0
configure:5405: result: yes
configure:5411: checking for readlink
configure:5411: gcc -o conftest -g -O2   conftest.c  >&5
configure:5411: $? = 0
configure:5411: result: yes
configure:5417: checking for select
configure:5417: gcc -o conftest -g -O2   conftest.c  >&5
configure:5417: $? = 0
configure:5417: result: yes
configure:5423: checking for setitimer
configure:5423: gcc -o conftest -g -O2   conftest.c  >&5
configure:5423: $? = 0
configure:5423: result: yes
configure:5430: checking for fnmatch
configure:5430: gcc -o conftest -g -O2   conftest.c  >&5
configure:5430: $? = 0
configure:5430: result: yes
configure:5436: checking for memmove
configure:5436: gcc -o conftest -g -O2   conftest.c  >&5
conftest.c:64:6: warning: incompatible redeclaration of library function 'memmove' [-Wincompatible-library-redeclaration]
char memmove ();
     ^
conftest.c:64:6: note: 'memmove' is a builtin with type 'void *(void *, const void *, unsigned long)'
1 warning generated.
configure:5436: $? = 0
configure:5436: result: yes
configure:5442: checking for putenv
configure:5442: gcc -o conftest -g -O2   conftest.c  >&5
configure:5442: $? = 0
configure:5442: result: yes
configure:5448: checking for setenv
configure:5448: gcc -o conftest -g -O2   conftest.c  >&5
configure:5448: $? = 0
configure:5448: result: yes
configure:5454: checking for setlocale
configure:5454: gcc -o conftest -g -O2   conftest.c  >&5
configure:5454: $? = 0
configure:5454: result: yes
configure:5460: checking for strcasecmp
configure:5460: gcc -o conftest -g -O2   conftest.c  >&5
conftest.c:68:6: warning: incompatible redeclaration of library function 'strcasecmp' [-Wincompatible-library-redeclaration]
char strcasecmp ();
     ^
conftest.c:68:6: note: 'strcasecmp' is a builtin with type 'int (const char *, const char *)'
1 warning generated.
configure:5460: $? = 0
configure:5460: result: yes
configure:5466: checking for strpbrk
configure:5466: gcc -o conftest -g -O2   conftest.c  >&5
conftest.c:69:6: warning: incompatible redeclaration of library function 'strpbrk' [-Wincompatible-library-redeclaration]
char strpbrk ();
     ^
conftest.c:69:6: note: 'strpbrk' is a builtin with type 'char *(const char *, const char *)'
1 warning generated.
configure:5466: $? = 0
configure:5466: result: yes
configure:5472: checking for sysconf
configure:5472: gcc -o conftest -g -O2   conftest.c  >&5
configure:5472: $? = 0
configure:5472: result: yes
configure:5478: checking for tcgetattr
configure:5478: gcc -o conftest -g -O2   conftest.c  >&5
configure:5478: $? = 0
configure:5478: result: yes
configure:5484: checking for vsnprintf
configure:5484: gcc -o conftest -g -O2   conftest.c  >&5
conftest.c:72:6: warning: incompatible redeclaration of library function 'vsnprintf' [-Wincompatible-library-redeclaration]
char vsnprintf ();
     ^
conftest.c:72:6: note: 'vsnprintf' is a builtin with type 'int (char *, unsigned long, const char *, struct __va_list_tag *)'
1 warning generated.
configure:5484: $? = 0
configure:5484: result: yes
configure:5491: checking for isascii
configure:5491: gcc -o conftest -g -O2   conftest.c  >&5
configure:5491: $? = 0
configure:5491: result: yes
configure:5497: checking for isxdigit
configure:5497: gcc -o conftest -g -O2   conftest.c  >&5
conftest.c:74:6: warning: incompatible redeclaration of library function 'isxdigit' [-Wincompatible-library-redeclaration]
char isxdigit ();
     ^
conftest.c:74:6: note: 'isxdigit' is a builtin with type 'int (int)'
1 warning generated.
configure:5497: $? = 0
configure:5497: result: yes
configure:5504: checking for getpwent
configure:5504: gcc -o conftest -g -O2   conftest.c  >&5
configure:5504: $? = 0
configure:5504: result: yes
configure:5510: checking for getpwnam
configure:5510: gcc -o conftest -g -O2   conftest.c  >&5
configure:5510: $? = 0
configure:5510: result: yes
configure:5516: checking for getpwuid
configure:5516: gcc -o conftest -g -O2   conftest.c  >&5
configure:5516: $? = 0
configure:5516: result: yes
configure:5524: checking for uid_t in sys/types.h
configure:5545: result: yes
configure:5556: checking for working chown
configure:5596: gcc -o conftest -g -O2   conftest.c  >&5
configure:5596: $? = 0
configure:5596: ./conftest
configure:5596: $? = 0
configure:5609: result: yes
configure:5617: checking for working strcoll
configure:5645: gcc -o conftest -g -O2   conftest.c  >&5
configure:5645: $? = 0
configure:5645: ./conftest
configure:5645: $? = 0
configure:5656: result: yes
configure:5665: checking for fcntl.h
configure:5665: gcc -c -g -O2  conftest.c >&5
configure:5665: $? = 0
configure:5665: result: yes
configure:5671: checking for unistd.h
configure:5671: result: yes
configure:5677: checking for stdlib.h
configure:5677: result: yes
configure:5683: checking for varargs.h
configure:5683: gcc -c -g -O2  conftest.c >&5
In file included from conftest.c:95:
/Library/Developer/CommandLineTools/usr/lib/clang/12.0.0/include/varargs.h:11:4: error: "Please use <stdarg.h> instead of <varargs.h>"
  #error "Please use <stdarg.h> instead of <varargs.h>"
   ^
1 error generated.
configure:5683: $? = 1
configure: failed program was:
| /* confdefs.h */
| #define PACKAGE_NAME "readline"
| #define PACKAGE_TARNAME "readline"
| #define PACKAGE_VERSION "8.2"
| #define PACKAGE_STRING "readline 8.2"
| #define PACKAGE_BUGREPORT "bug-readline@gnu.org"
| #define PACKAGE_URL ""
| #define HAVE_STDIO_H 1
| #define HAVE_STDLIB_H 1
| #define HAVE_STRING_H 1
| #define HAVE_INTTYPES_H 1
| #define HAVE_STDINT_H 1
| #define HAVE_STRINGS_H 1
| #define HAVE_SYS_STAT_H 1
| #define HAVE_SYS_TYPES_H 1
| #define HAVE_UNISTD_H 1
| #define HAVE_WCHAR_H 1
| #define STDC_HEADERS 1
| #define _ALL_SOURCE 1
| #define _DARWIN_C_SOURCE 1
| #define _GNU_SOURCE 1
| #define _HPUX_ALT_XOPEN_SOCKET_API 1
| #define _NETBSD_SOURCE 1
| #define _OPENBSD_SOURCE 1
| #define _POSIX_PTHREAD_SEMANTICS 1
| #define __STDC_WANT_IEC_60559_ATTRIBS_EXT__ 1
| #define __STDC_WANT_IEC_60559_BFP_EXT__ 1
| #define __STDC_WANT_IEC_60559_DFP_EXT__ 1
| #define __STDC_WANT_IEC_60559_FUNCS_EXT__ 1
| #define __STDC_WANT_IEC_60559_TYPES_EXT__ 1
| #define __STDC_WANT_LIB_EXT2__ 1
| #define __STDC_WANT_MATH_SPEC_FUNCS__ 1
| #define _TANDEM_SOURCE 1
| #define __EXTENSIONS__ 1
| #define PROTOTYPES 1
| #define __PROTOTYPES 1
| #define HAVE_DIRENT_H 1
| #define HAVE_FCNTL 1
| #define HAVE_GETTIMEOFDAY 1
| #define HAVE_KILL 1
| #define HAVE_LSTAT 1
| #define HAVE_PSELECT 1
| #define HAVE_READLINK 1
| #define HAVE_SELECT 1
| #define HAVE_SETITIMER 1
| #define HAVE_FNMATCH 1
| #define HAVE_MEMMOVE 1
| #define HAVE_PUTENV 1
| #define HAVE_SETENV 1
| #define HAVE_SETLOCALE 1
| #define HAVE_STRCASECMP 1
| #define HAVE_STRPBRK 1
| #define HAVE_SYSCONF 1
| #define HAVE_TCGETATTR 1
| #define HAVE_VSNPRINTF 1
| #define HAVE_ISASCII 1
| #define HAVE_ISXDIGIT 1
| #define HAVE_GETPWENT 1
| #define HAVE_GETPWNAM 1
| #define HAVE_GETPWUID 1
| #define HAVE_CHOWN 1
| #define HAVE_STRCOLL 1
| #define HAVE_FCNTL_H 1
| #define HAVE_UNISTD_H 1
| #define HAVE_STDLIB_H 1
| /* end confdefs.h.  */
| #include <stddef.h>
| #ifdef HAVE_STDIO_H
| # include <stdio.h>
| #endif
| #ifdef HAVE_STDLIB_H
| # include <stdlib.h>
| #endif
| #ifdef HAVE_STRING_H
| # include <string.h>
| #endif
| #ifdef HAVE_INTTYPES_H
| # include <inttypes.h>
| #endif
| #ifdef HAVE_STDINT_H
| # include <stdint.h>
| #endif
| #ifdef HAVE_STRINGS_H
| # include <strings.h>
| #endif
| #ifdef HAVE_SYS_TYPES_H
| # include <sys/types.h>
| #endif
| #ifdef HAVE_SYS_STAT_H
| # include <sys/stat.h>
| #endif
| #ifdef HAVE_UNISTD_H
| # include <unistd.h>
| #endif
| #include <varargs.h>
configure:5683: result: no
configure:5689: checking for stdarg.h
configure:5689: gcc -c -g -O2  conftest.c >&5
configure:5689: $? = 0
configure:5689: result: yes
configure:5695: checking for stdbool.h
configure:5695: gcc -c -g -O2  conftest.c >&5
configure:5695: $? = 0
configure:5695: result: yes
configure:5701: checking for string.h
configure:5701: result: yes
configure:5707: checking for strings.h
configure:5707: result: yes
configure:5713: checking for limits.h
configure:5713: gcc -c -g -O2  conftest.c >&5
configure:5713: $? = 0
configure:5713: result: yes
configure:5719: checking for locale.h
configure:5719: gcc -c -g -O2  conftest.c >&5
configure:5719: $? = 0
configure:5719: result: yes
configure:5725: checking for pwd.h
configure:5725: gcc -c -g -O2  conftest.c >&5
configure:5725: $? = 0
configure:5725: result: yes
configure:5731: checking for memory.h
configure:5731: gcc -c -g -O2  conftest.c >&5
configure:5731: $? = 0
configure:5731: result: yes
configure:5737: checking for termcap.h
configure:5737: gcc -c -g -O2  conftest.c >&5
configure:5737: $? = 0
configure:5737: result: yes
configure:5743: checking for termios.h
configure:5743: gcc -c -g -O2  conftest.c >&5
configure:5743: $? = 0
configure:5743: result: yes
configure:5749: checking for termio.h
configure:5749: gcc -c -g -O2  conftest.c >&5
conftest.c:105:10: fatal error: 'termio.h' file not found
#include <termio.h>
         ^~~~~~~~~~
1 error generated.
configure:5749: $? = 1
configure: failed program was:
| /* confdefs.h */
| #define PACKAGE_NAME "readline"
| #define PACKAGE_TARNAME "readline"
| #define PACKAGE_VERSION "8.2"
| #define PACKAGE_STRING "readline 8.2"
| #define PACKAGE_BUGREPORT "bug-readline@gnu.org"
| #define PACKAGE_URL ""
| #define HAVE_STDIO_H 1
| #define HAVE_STDLIB_H 1
| #define HAVE_STRING_H 1
| #define HAVE_INTTYPES_H 1
| #define HAVE_STDINT_H 1
| #define HAVE_STRINGS_H 1
| #define HAVE_SYS_STAT_H 1
| #define HAVE_SYS_TYPES_H 1
| #define HAVE_UNISTD_H 1
| #define HAVE_WCHAR_H 1
| #define STDC_HEADERS 1
| #define _ALL_SOURCE 1
| #define _DARWIN_C_SOURCE 1
| #define _GNU_SOURCE 1
| #define _HPUX_ALT_XOPEN_SOCKET_API 1
| #define _NETBSD_SOURCE 1
| #define _OPENBSD_SOURCE 1
| #define _POSIX_PTHREAD_SEMANTICS 1
| #define __STDC_WANT_IEC_60559_ATTRIBS_EXT__ 1
| #define __STDC_WANT_IEC_60559_BFP_EXT__ 1
| #define __STDC_WANT_IEC_60559_DFP_EXT__ 1
| #define __STDC_WANT_IEC_60559_FUNCS_EXT__ 1
| #define __STDC_WANT_IEC_60559_TYPES_EXT__ 1
| #define __STDC_WANT_LIB_EXT2__ 1
| #define __STDC_WANT_MATH_SPEC_FUNCS__ 1
| #define _TANDEM_SOURCE 1
| #define __EXTENSIONS__ 1
| #define PROTOTYPES 1
| #define __PROTOTYPES 1
| #define HAVE_DIRENT_H 1
| #define HAVE_FCNTL 1
| #define HAVE_GETTIMEOFDAY 1
| #define HAVE_KILL 1
| #define HAVE_LSTAT 1
| #define HAVE_PSELECT 1
| #define HAVE_READLINK 1
| #define HAVE_SELECT 1
| #define HAVE_SETITIMER 1
| #define HAVE_FNMATCH 1
| #define HAVE_MEMMOVE 1
| #define HAVE_PUTENV 1
| #define HAVE_SETENV 1
| #define HAVE_SETLOCALE 1
| #define HAVE_STRCASECMP 1
| #define HAVE_STRPBRK 1
| #define HAVE_SYSCONF 1
| #define HAVE_TCGETATTR 1
| #define HAVE_VSNPRINTF 1
| #define HAVE_ISASCII 1
| #define HAVE_ISXDIGIT 1
| #define HAVE_GETPWENT 1
| #define HAVE_GETPWNAM 1
| #define HAVE_GETPWUID 1
| #define HAVE_CHOWN 1
| #define HAVE_STRCOLL 1
| #define HAVE_FCNTL_H 1
| #define HAVE_UNISTD_H 1
| #define HAVE_STDLIB_H 1
| #define HAVE_STDARG_H 1
| #define HAVE_STDBOOL_H 1
| #define HAVE_STRING_H 1
| #define HAVE_STRINGS_H 1
| #define HAVE_LIMITS_H 1
| #define HAVE_LOCALE_H 1
| #define HAVE_PWD_H 1
| #define HAVE_MEMORY_H 1
| #define HAVE_TERMCAP_H 1
| #define HAVE_TERMIOS_H 1
| /* end confdefs.h.  */
| #include <stddef.h>
| #ifdef HAVE_STDIO_H
| # include <stdio.h>
| #endif
| #ifdef HAVE_STDLIB_H
| # include <stdlib.h>
| #endif
| #ifdef HAVE_STRING_H
| # include <string.h>
| #endif
| #ifdef HAVE_INTTYPES_H
| # include <inttypes.h>
| #endif
| #ifdef HAVE_STDINT_H
| # include <stdint.h>
| #endif
| #ifdef HAVE_STRINGS_H
| # include <strings.h>
| #endif
| #ifdef HAVE_SYS_TYPES_H
| # include <sys/types.h>
| #endif
| #ifdef HAVE_SYS_STAT_H
| # include <sys/stat.h>
| #endif
| #ifdef HAVE_UNISTD_H
| # include <unistd.h>
| #endif
| #include <termio.h>
configure:5749: result: no
configure:5756: checking for sys/ioctl.h
configure:5756: gcc -c -g -O2  conftest.c >&5
configure:5756: $? = 0
configure:5756: result: yes
configure:5762: checking for sys/pte.h
configure:5762: gcc -c -g -O2  conftest.c >&5
conftest.c:106:10: fatal error: 'sys/pte.h' file not found
#include <sys/pte.h>
         ^~~~~~~~~~~
1 error generated.
configure:5762: $? = 1
configure: failed program was:
| /* confdefs.h */
| #define PACKAGE_NAME "readline"
| #define PACKAGE_TARNAME "readline"
| #define PACKAGE_VERSION "8.2"
| #define PACKAGE_STRING "readline 8.2"
| #define PACKAGE_BUGREPORT "bug-readline@gnu.org"
| #define PACKAGE_URL ""
| #define HAVE_STDIO_H 1
| #define HAVE_STDLIB_H 1
| #define HAVE_STRING_H 1
| #define HAVE_INTTYPES_H 1
| #define HAVE_STDINT_H 1
| #define HAVE_STRINGS_H 1
| #define HAVE_SYS_STAT_H 1
| #define HAVE_SYS_TYPES_H 1
| #define HAVE_UNISTD_H 1
| #define HAVE_WCHAR_H 1
| #define STDC_HEADERS 1
| #define _ALL_SOURCE 1
| #define _DARWIN_C_SOURCE 1
| #define _GNU_SOURCE 1
| #define _HPUX_ALT_XOPEN_SOCKET_API 1
| #define _NETBSD_SOURCE 1
| #define _OPENBSD_SOURCE 1
| #define _POSIX_PTHREAD_SEMANTICS 1
| #define __STDC_WANT_IEC_60559_ATTRIBS_EXT__ 1
| #define __STDC_WANT_IEC_60559_BFP_EXT__ 1
| #define __STDC_WANT_IEC_60559_DFP_EXT__ 1
| #define __STDC_WANT_IEC_60559_FUNCS_EXT__ 1
| #define __STDC_WANT_IEC_60559_TYPES_EXT__ 1
| #define __STDC_WANT_LIB_EXT2__ 1
| #define __STDC_WANT_MATH_SPEC_FUNCS__ 1
| #define _TANDEM_SOURCE 1
| #define __EXTENSIONS__ 1
| #define PROTOTYPES 1
| #define __PROTOTYPES 1
| #define HAVE_DIRENT_H 1
| #define HAVE_FCNTL 1
| #define HAVE_GETTIMEOFDAY 1
| #define HAVE_KILL 1
| #define HAVE_LSTAT 1
| #define HAVE_PSELECT 1
| #define HAVE_READLINK 1
| #define HAVE_SELECT 1
| #define HAVE_SETITIMER 1
| #define HAVE_FNMATCH 1
| #define HAVE_MEMMOVE 1
| #define HAVE_PUTENV 1
| #define HAVE_SETENV 1
| #define HAVE_SETLOCALE 1
| #define HAVE_STRCASECMP 1
| #define HAVE_STRPBRK 1
| #define HAVE_SYSCONF 1
| #define HAVE_TCGETATTR 1
| #define HAVE_VSNPRINTF 1
| #define HAVE_ISASCII 1
| #define HAVE_ISXDIGIT 1
| #define HAVE_GETPWENT 1
| #define HAVE_GETPWNAM 1
| #define HAVE_GETPWUID 1
| #define HAVE_CHOWN 1
| #define HAVE_STRCOLL 1
| #define HAVE_FCNTL_H 1
| #define HAVE_UNISTD_H 1
| #define HAVE_STDLIB_H 1
| #define HAVE_STDARG_H 1
| #define HAVE_STDBOOL_H 1
| #define HAVE_STRING_H 1
| #define HAVE_STRINGS_H 1
| #define HAVE_LIMITS_H 1
| #define HAVE_LOCALE_H 1
| #define HAVE_PWD_H 1
| #define HAVE_MEMORY_H 1
| #define HAVE_TERMCAP_H 1
| #define HAVE_TERMIOS_H 1
| #define HAVE_SYS_IOCTL_H 1
| /* end confdefs.h.  */
| #include <stddef.h>
| #ifdef HAVE_STDIO_H
| # include <stdio.h>
| #endif
| #ifdef HAVE_STDLIB_H
| # include <stdlib.h>
| #endif
| #ifdef HAVE_STRING_H
| # include <string.h>
| #endif
| #ifdef HAVE_INTTYPES_H
| # include <inttypes.h>
| #endif
| #ifdef HAVE_STDINT_H
| # include <stdint.h>
| #endif
| #ifdef HAVE_STRINGS_H
| # include <strings.h>
| #endif
| #ifdef HAVE_SYS_TYPES_H
| # include <sys/types.h>
| #endif
| #ifdef HAVE_SYS_STAT_H
| # include <sys/stat.h>
| #endif
| #ifdef HAVE_UNISTD_H
| # include <unistd.h>
| #endif
| #include <sys/pte.h>
configure:5762: result: no
configure:5768: checking for sys/stream.h
configure:5768: gcc -c -g -O2  conftest.c >&5
conftest.c:106:10: fatal error: 'sys/stream.h' file not found
#include <sys/stream.h>
         ^~~~~~~~~~~~~~
1 error generated.
configure:5768: $? = 1
configure: failed program was:
| /* confdefs.h */
| #define PACKAGE_NAME "readline"
| #define PACKAGE_TARNAME "readline"
| #define PACKAGE_VERSION "8.2"
| #define PACKAGE_STRING "readline 8.2"
| #define PACKAGE_BUGREPORT "bug-readline@gnu.org"
| #define PACKAGE_URL ""
| #define HAVE_STDIO_H 1
| #define HAVE_STDLIB_H 1
| #define HAVE_STRING_H 1
| #define HAVE_INTTYPES_H 1
| #define HAVE_STDINT_H 1
| #define HAVE_STRINGS_H 1
| #define HAVE_SYS_STAT_H 1
| #define HAVE_SYS_TYPES_H 1
| #define HAVE_UNISTD_H 1
| #define HAVE_WCHAR_H 1
| #define STDC_HEADERS 1
| #define _ALL_SOURCE 1
| #define _DARWIN_C_SOURCE 1
| #define _GNU_SOURCE 1
| #define _HPUX_ALT_XOPEN_SOCKET_API 1
| #define _NETBSD_SOURCE 1
| #define _OPENBSD_SOURCE 1
| #define _POSIX_PTHREAD_SEMANTICS 1
| #define __STDC_WANT_IEC_60559_ATTRIBS_EXT__ 1
| #define __STDC_WANT_IEC_60559_BFP_EXT__ 1
| #define __STDC_WANT_IEC_60559_DFP_EXT__ 1
| #define __STDC_WANT_IEC_60559_FUNCS_EXT__ 1
| #define __STDC_WANT_IEC_60559_TYPES_EXT__ 1
| #define __STDC_WANT_LIB_EXT2__ 1
| #define __STDC_WANT_MATH_SPEC_FUNCS__ 1
| #define _TANDEM_SOURCE 1
| #define __EXTENSIONS__ 1
| #define PROTOTYPES 1
| #define __PROTOTYPES 1
| #define HAVE_DIRENT_H 1
| #define HAVE_FCNTL 1
| #define HAVE_GETTIMEOFDAY 1
| #define HAVE_KILL 1
| #define HAVE_LSTAT 1
| #define HAVE_PSELECT 1
| #define HAVE_READLINK 1
| #define HAVE_SELECT 1
| #define HAVE_SETITIMER 1
| #define HAVE_FNMATCH 1
| #define HAVE_MEMMOVE 1
| #define HAVE_PUTENV 1
| #define HAVE_SETENV 1
| #define HAVE_SETLOCALE 1
| #define HAVE_STRCASECMP 1
| #define HAVE_STRPBRK 1
| #define HAVE_SYSCONF 1
| #define HAVE_TCGETATTR 1
| #define HAVE_VSNPRINTF 1
| #define HAVE_ISASCII 1
| #define HAVE_ISXDIGIT 1
| #define HAVE_GETPWENT 1
| #define HAVE_GETPWNAM 1
| #define HAVE_GETPWUID 1
| #define HAVE_CHOWN 1
| #define HAVE_STRCOLL 1
| #define HAVE_FCNTL_H 1
| #define HAVE_UNISTD_H 1
| #define HAVE_STDLIB_H 1
| #define HAVE_STDARG_H 1
| #define HAVE_STDBOOL_H 1
| #define HAVE_STRING_H 1
| #define HAVE_STRINGS_H 1
| #define HAVE_LIMITS_H 1
| #define HAVE_LOCALE_H 1
| #define HAVE_PWD_H 1
| #define HAVE_MEMORY_H 1
| #define HAVE_TERMCAP_H 1
| #define HAVE_TERMIOS_H 1
| #define HAVE_SYS_IOCTL_H 1
| /* end confdefs.h.  */
| #include <stddef.h>
| #ifdef HAVE_STDIO_H
| # include <stdio.h>
| #endif
| #ifdef HAVE_STDLIB_H
| # include <stdlib.h>
| #endif
| #ifdef HAVE_STRING_H
| # include <string.h>
| #endif
| #ifdef HAVE_INTTYPES_H
| # include <inttypes.h>
| #endif
| #ifdef HAVE_STDINT_H
| # include <stdint.h>
| #endif
| #ifdef HAVE_STRINGS_H
| # include <strings.h>
| #endif
| #ifdef HAVE_SYS_TYPES_H
| # include <sys/types.h>
| #endif
| #ifdef HAVE_SYS_STAT_H
| # include <sys/stat.h>
| #endif
| #ifdef HAVE_UNISTD_H
| # include <unistd.h>
| #endif
| #include <sys/stream.h>
configure:5768: result: no
configure:5774: checking for sys/select.h
configure:5774: gcc -c -g -O2  conftest.c >&5
configure:5774: $? = 0
configure:5774: result: yes
configure:5780: checking for sys/time.h
configure:5780: gcc -c -g -O2  conftest.c >&5
configure:5780: $? = 0
configure:5780: result: yes
configure:5786: checking for sys/file.h
configure:5786: gcc -c -g -O2  conftest.c >&5
configure:5786: $? = 0
configure:5786: result: yes
configure:5794: checking for sys/ptem.h
configure:5794: gcc -c -g -O2  conftest.c >&5
conftest.c:87:10: fatal error: 'sys/ptem.h' file not found
#include <sys/ptem.h>
         ^~~~~~~~~~~~
1 error generated.
configure:5794: $? = 1
configure: failed program was:
| /* confdefs.h */
| #define PACKAGE_NAME "readline"
| #define PACKAGE_TARNAME "readline"
| #define PACKAGE_VERSION "8.2"
| #define PACKAGE_STRING "readline 8.2"
| #define PACKAGE_BUGREPORT "bug-readline@gnu.org"
| #define PACKAGE_URL ""
| #define HAVE_STDIO_H 1
| #define HAVE_STDLIB_H 1
| #define HAVE_STRING_H 1
| #define HAVE_INTTYPES_H 1
| #define HAVE_STDINT_H 1
| #define HAVE_STRINGS_H 1
| #define HAVE_SYS_STAT_H 1
| #define HAVE_SYS_TYPES_H 1
| #define HAVE_UNISTD_H 1
| #define HAVE_WCHAR_H 1
| #define STDC_HEADERS 1
| #define _ALL_SOURCE 1
| #define _DARWIN_C_SOURCE 1
| #define _GNU_SOURCE 1
| #define _HPUX_ALT_XOPEN_SOCKET_API 1
| #define _NETBSD_SOURCE 1
| #define _OPENBSD_SOURCE 1
| #define _POSIX_PTHREAD_SEMANTICS 1
| #define __STDC_WANT_IEC_60559_ATTRIBS_EXT__ 1
| #define __STDC_WANT_IEC_60559_BFP_EXT__ 1
| #define __STDC_WANT_IEC_60559_DFP_EXT__ 1
| #define __STDC_WANT_IEC_60559_FUNCS_EXT__ 1
| #define __STDC_WANT_IEC_60559_TYPES_EXT__ 1
| #define __STDC_WANT_LIB_EXT2__ 1
| #define __STDC_WANT_MATH_SPEC_FUNCS__ 1
| #define _TANDEM_SOURCE 1
| #define __EXTENSIONS__ 1
| #define PROTOTYPES 1
| #define __PROTOTYPES 1
| #define HAVE_DIRENT_H 1
| #define HAVE_FCNTL 1
| #define HAVE_GETTIMEOFDAY 1
| #define HAVE_KILL 1
| #define HAVE_LSTAT 1
| #define HAVE_PSELECT 1
| #define HAVE_READLINK 1
| #define HAVE_SELECT 1
| #define HAVE_SETITIMER 1
| #define HAVE_FNMATCH 1
| #define HAVE_MEMMOVE 1
| #define HAVE_PUTENV 1
| #define HAVE_SETENV 1
| #define HAVE_SETLOCALE 1
| #define HAVE_STRCASECMP 1
| #define HAVE_STRPBRK 1
| #define HAVE_SYSCONF 1
| #define HAVE_TCGETATTR 1
| #define HAVE_VSNPRINTF 1
| #define HAVE_ISASCII 1
| #define HAVE_ISXDIGIT 1
| #define HAVE_GETPWENT 1
| #define HAVE_GETPWNAM 1
| #define HAVE_GETPWUID 1
| #define HAVE_CHOWN 1
| #define HAVE_STRCOLL 1
| #define HAVE_FCNTL_H 1
| #define HAVE_UNISTD_H 1
| #define HAVE_STDLIB_H 1
| #define HAVE_STDARG_H 1
| #define HAVE_STDBOOL_H 1
| #define HAVE_STRING_H 1
| #define HAVE_STRINGS_H 1
| #define HAVE_LIMITS_H 1
| #define HAVE_LOCALE_H 1
| #define HAVE_PWD_H 1
| #define HAVE_MEMORY_H 1
| #define HAVE_TERMCAP_H 1
| #define HAVE_TERMIOS_H 1
| #define HAVE_SYS_IOCTL_H 1
| #define HAVE_SYS_SELECT_H 1
| #define HAVE_SYS_TIME_H 1
| #define HAVE_SYS_FILE_H 1
| /* end confdefs.h.  */
| 
| #if HAVE_SYS_STREAM_H
| #  include <sys/stream.h>
| #endif
| 
| 
| #include <sys/ptem.h>
configure:5794: result: no
configure:5815: checking for special C compiler options needed for large files
configure:5863: result: no
configure:5869: checking for _FILE_OFFSET_BITS value needed for large files
configure:5895: gcc -c -g -O2  conftest.c >&5
configure:5895: $? = 0
configure:5929: result: no
configure:6012: checking for type of signal functions
configure:6042: gcc -o conftest -g -O2   conftest.c  >&5
configure:6042: $? = 0
configure:6136: result: posix
configure:6150: checking if signal handlers must be reinstalled when invoked
configure:6212: gcc -o conftest -g -O2   conftest.c  >&5
configure:6212: $? = 0
configure:6212: ./conftest
configure:6212: $? = 0
configure:6224: result: no
configure:6233: checking for presence of POSIX-style sigsetjmp/siglongjmp
configure:6303: gcc -o conftest -g -O2   conftest.c  >&5
configure:6303: $? = 0
configure:6303: ./conftest
configure:6303: $? = 0
configure:6315: result: present
configure:6322: checking for lstat
configure:6342: gcc -o conftest -g -O2   conftest.c  >&5
configure:6342: $? = 0
configure:6351: result: yes
configure:6358: checking whether or not strcoll and strcmp differ
configure:6413: gcc -o conftest -g -O2   conftest.c  >&5
configure:6413: $? = 0
configure:6413: ./conftest
configure:6413: $? = 1
configure: program exited with status 1
configure: failed program was:
| /* confdefs.h */
| #define PACKAGE_NAME "readline"
| #define PACKAGE_TARNAME "readline"
| #define PACKAGE_VERSION "8.2"
| #define PACKAGE_STRING "readline 8.2"
| #define PACKAGE_BUGREPORT "bug-readline@gnu.org"
| #define PACKAGE_URL ""
| #define HAVE_STDIO_H 1
| #define HAVE_STDLIB_H 1
| #define HAVE_STRING_H 1
| #define HAVE_INTTYPES_H 1
| #define HAVE_STDINT_H 1
| #define HAVE_STRINGS_H 1
| #define HAVE_SYS_STAT_H 1
| #define HAVE_SYS_TYPES_H 1
| #define HAVE_UNISTD_H 1
| #define HAVE_WCHAR_H 1
| #define STDC_HEADERS 1
| #define _ALL_SOURCE 1
| #define _DARWIN_C_SOURCE 1
| #define _GNU_SOURCE 1
| #define _HPUX_ALT_XOPEN_SOCKET_API 1
| #define _NETBSD_SOURCE 1
| #define _OPENBSD_SOURCE 1
| #define _POSIX_PTHREAD_SEMANTICS 1
| #define __STDC_WANT_IEC_60559_ATTRIBS_EXT__ 1
| #define __STDC_WANT_IEC_60559_BFP_EXT__ 1
| #define __STDC_WANT_IEC_60559_DFP_EXT__ 1
| #define __STDC_WANT_IEC_60559_FUNCS_EXT__ 1
| #define __STDC_WANT_IEC_60559_TYPES_EXT__ 1
| #define __STDC_WANT_LIB_EXT2__ 1
| #define __STDC_WANT_MATH_SPEC_FUNCS__ 1
| #define _TANDEM_SOURCE 1
| #define __EXTENSIONS__ 1
| #define PROTOTYPES 1
| #define __PROTOTYPES 1
| #define HAVE_DIRENT_H 1
| #define HAVE_FCNTL 1
| #define HAVE_GETTIMEOFDAY 1
| #define HAVE_KILL 1
| #define HAVE_LSTAT 1
| #define HAVE_PSELECT 1
| #define HAVE_READLINK 1
| #define HAVE_SELECT 1
| #define HAVE_SETITIMER 1
| #define HAVE_FNMATCH 1
| #define HAVE_MEMMOVE 1
| #define HAVE_PUTENV 1
| #define HAVE_SETENV 1
| #define HAVE_SETLOCALE 1
| #define HAVE_STRCASECMP 1
| #define HAVE_STRPBRK 1
| #define HAVE_SYSCONF 1
| #define HAVE_TCGETATTR 1
| #define HAVE_VSNPRINTF 1
| #define HAVE_ISASCII 1
| #define HAVE_ISXDIGIT 1
| #define HAVE_GETPWENT 1
| #define HAVE_GETPWNAM 1
| #define HAVE_GETPWUID 1
| #define HAVE_CHOWN 1
| #define HAVE_STRCOLL 1
| #define HAVE_FCNTL_H 1
| #define HAVE_UNISTD_H 1
| #define HAVE_STDLIB_H 1
| #define HAVE_STDARG_H 1
| #define HAVE_STDBOOL_H 1
| #define HAVE_STRING_H 1
| #define HAVE_STRINGS_H 1
| #define HAVE_LIMITS_H 1
| #define HAVE_LOCALE_H 1
| #define HAVE_PWD_H 1
| #define HAVE_MEMORY_H 1
| #define HAVE_TERMCAP_H 1
| #define HAVE_TERMIOS_H 1
| #define HAVE_SYS_IOCTL_H 1
| #define HAVE_SYS_SELECT_H 1
| #define HAVE_SYS_TIME_H 1
| #define HAVE_SYS_FILE_H 1
| #define HAVE_POSIX_SIGNALS 1
| #define HAVE_POSIX_SIGSETJMP 1
| #define HAVE_LSTAT 1
| /* end confdefs.h.  */
| 
| #include <stdio.h>
| #if defined (HAVE_LOCALE_H)
| #include <locale.h>
| #endif
| #include <string.h>
| #include <stdlib.h>
| 
| int
| main(c, v)
| int     c;
| char    *v[];
| {
|         int     r1, r2;
|         char    *deflocale, *defcoll;
| 
| #ifdef HAVE_SETLOCALE
|         deflocale = setlocale(LC_ALL, "");
| 	defcoll = setlocale(LC_COLLATE, "");
| #endif
| 
| #ifdef HAVE_STRCOLL
| 	/* These two values are taken from tests/glob-test. */
|         r1 = strcoll("abd", "aXd");
| #else
| 	r1 = 0;
| #endif
|         r2 = strcmp("abd", "aXd");
| 
| 	/* These two should both be greater than 0.  It is permissible for
| 	   a system to return different values, as long as the sign is the
| 	   same. */
| 
|         /* Exit with 1 (failure) if these two values are both > 0, since
| 	   this tests whether strcoll(3) is broken with respect to strcmp(3)
| 	   in the default locale. */
| 	exit (r1 > 0 && r2 > 0);
| }
| 
configure:6425: result: no
configure:6433: checking whether getpw functions are declared in pwd.h
configure:6460: result: yes
configure:6468: checking whether termios.h defines TIOCGWINSZ
configure:6493: result: yes
configure:6534: checking for inttypes.h
configure:6534: result: yes
configure:6542: checking for sig_atomic_t in signal.h
configure:6559: gcc -o conftest -g -O2   conftest.c  >&5
configure:6559: $? = 0
configure:6568: result: yes
configure:6620: checking for TIOCSTAT in sys/ioctl.h
configure:6639: gcc -c -g -O2  conftest.c >&5
configure:6639: $? = 0
configure:6649: result: yes
configure:6656: checking for FIONREAD in sys/ioctl.h
configure:6675: gcc -c -g -O2  conftest.c >&5
configure:6675: $? = 0
configure:6685: result: yes
configure:6692: checking for speed_t in sys/types.h
configure:6709: gcc -c -g -O2  conftest.c >&5
conftest.c:92:1: error: use of undeclared identifier 'speed_t'
speed_t x;
^
1 error generated.
configure:6709: $? = 1
configure: failed program was:
| /* confdefs.h */
| #define PACKAGE_NAME "readline"
| #define PACKAGE_TARNAME "readline"
| #define PACKAGE_VERSION "8.2"
| #define PACKAGE_STRING "readline 8.2"
| #define PACKAGE_BUGREPORT "bug-readline@gnu.org"
| #define PACKAGE_URL ""
| #define HAVE_STDIO_H 1
| #define HAVE_STDLIB_H 1
| #define HAVE_STRING_H 1
| #define HAVE_INTTYPES_H 1
| #define HAVE_STDINT_H 1
| #define HAVE_STRINGS_H 1
| #define HAVE_SYS_STAT_H 1
| #define HAVE_SYS_TYPES_H 1
| #define HAVE_UNISTD_H 1
| #define HAVE_WCHAR_H 1
| #define STDC_HEADERS 1
| #define _ALL_SOURCE 1
| #define _DARWIN_C_SOURCE 1
| #define _GNU_SOURCE 1
| #define _HPUX_ALT_XOPEN_SOCKET_API 1
| #define _NETBSD_SOURCE 1
| #define _OPENBSD_SOURCE 1
| #define _POSIX_PTHREAD_SEMANTICS 1
| #define __STDC_WANT_IEC_60559_ATTRIBS_EXT__ 1
| #define __STDC_WANT_IEC_60559_BFP_EXT__ 1
| #define __STDC_WANT_IEC_60559_DFP_EXT__ 1
| #define __STDC_WANT_IEC_60559_FUNCS_EXT__ 1
| #define __STDC_WANT_IEC_60559_TYPES_EXT__ 1
| #define __STDC_WANT_LIB_EXT2__ 1
| #define __STDC_WANT_MATH_SPEC_FUNCS__ 1
| #define _TANDEM_SOURCE 1
| #define __EXTENSIONS__ 1
| #define PROTOTYPES 1
| #define __PROTOTYPES 1
| #define HAVE_DIRENT_H 1
| #define HAVE_FCNTL 1
| #define HAVE_GETTIMEOFDAY 1
| #define HAVE_KILL 1
| #define HAVE_LSTAT 1
| #define HAVE_PSELECT 1
| #define HAVE_READLINK 1
| #define HAVE_SELECT 1
| #define HAVE_SETITIMER 1
| #define HAVE_FNMATCH 1
| #define HAVE_MEMMOVE 1
| #define HAVE_PUTENV 1
| #define HAVE_SETENV 1
| #define HAVE_SETLOCALE 1
| #define HAVE_STRCASECMP 1
| #define HAVE_STRPBRK 1
| #define HAVE_SYSCONF 1
| #define HAVE_TCGETATTR 1
| #define HAVE_VSNPRINTF 1
| #define HAVE_ISASCII 1
| #define HAVE_ISXDIGIT 1
| #define HAVE_GETPWENT 1
| #define HAVE_GETPWNAM 1
| #define HAVE_GETPWUID 1
| #define HAVE_CHOWN 1
| #define HAVE_STRCOLL 1
| #define HAVE_FCNTL_H 1
| #define HAVE_UNISTD_H 1
| #define HAVE_STDLIB_H 1
| #define HAVE_STDARG_H 1
| #define HAVE_STDBOOL_H 1
| #define HAVE_STRING_H 1
| #define HAVE_STRINGS_H 1
| #define HAVE_LIMITS_H 1
| #define HAVE_LOCALE_H 1
| #define HAVE_PWD_H 1
| #define HAVE_MEMORY_H 1
| #define HAVE_TERMCAP_H 1
| #define HAVE_TERMIOS_H 1
| #define HAVE_SYS_IOCTL_H 1
| #define HAVE_SYS_SELECT_H 1
| #define HAVE_SYS_TIME_H 1
| #define HAVE_SYS_FILE_H 1
| #define HAVE_POSIX_SIGNALS 1
| #define HAVE_POSIX_SIGSETJMP 1
| #define HAVE_LSTAT 1
| #define HAVE_GETPW_DECLS 1
| #define HAVE_INTTYPES_H 1
| #define TIOCSTAT_IN_SYS_IOCTL 1
| #define FIONREAD_IN_SYS_IOCTL 1
| /* end confdefs.h.  */
| #include <sys/types.h>
| int
| main (void)
| {
| speed_t x;
|   ;
|   return 0;
| }
configure:6718: result: no
configure:6725: checking for struct winsize in sys/ioctl.h and termios.h
configure:6753: gcc -c -g -O2  conftest.c >&5
configure:6753: $? = 0
configure:6785: gcc -c -g -O2  conftest.c >&5
configure:6785: $? = 0
configure:6808: result: sys/ioctl.h
configure:6823: checking for struct dirent.d_ino
configure:6831: checking for struct dirent.d_ino
configure:6831: gcc -c -g -O2  conftest.c >&5
configure:6831: $? = 0
configure:6831: result: yes
configure:6866: result: yes
configure:6874: checking for struct dirent.d_fileno
configure:6882: checking for struct dirent.d_fileno
configure:6882: gcc -c -g -O2  conftest.c >&5
configure:6882: $? = 0
configure:6882: result: yes
configure:6917: result: yes
configure:6924: checking for struct timeval in sys/time.h and time.h
configure:6946: gcc -c -g -O2  conftest.c >&5
configure:6946: $? = 0
configure:6956: result: yes
configure:6964: checking for libaudit.h
configure:6964: gcc -c -g -O2  conftest.c >&5
conftest.c:122:10: fatal error: 'libaudit.h' file not found
#include <libaudit.h>
         ^~~~~~~~~~~~
1 error generated.
configure:6964: $? = 1
configure: failed program was:
| /* confdefs.h */
| #define PACKAGE_NAME "readline"
| #define PACKAGE_TARNAME "readline"
| #define PACKAGE_VERSION "8.2"
| #define PACKAGE_STRING "readline 8.2"
| #define PACKAGE_BUGREPORT "bug-readline@gnu.org"
| #define PACKAGE_URL ""
| #define HAVE_STDIO_H 1
| #define HAVE_STDLIB_H 1
| #define HAVE_STRING_H 1
| #define HAVE_INTTYPES_H 1
| #define HAVE_STDINT_H 1
| #define HAVE_STRINGS_H 1
| #define HAVE_SYS_STAT_H 1
| #define HAVE_SYS_TYPES_H 1
| #define HAVE_UNISTD_H 1
| #define HAVE_WCHAR_H 1
| #define STDC_HEADERS 1
| #define _ALL_SOURCE 1
| #define _DARWIN_C_SOURCE 1
| #define _GNU_SOURCE 1
| #define _HPUX_ALT_XOPEN_SOCKET_API 1
| #define _NETBSD_SOURCE 1
| #define _OPENBSD_SOURCE 1
| #define _POSIX_PTHREAD_SEMANTICS 1
| #define __STDC_WANT_IEC_60559_ATTRIBS_EXT__ 1
| #define __STDC_WANT_IEC_60559_BFP_EXT__ 1
| #define __STDC_WANT_IEC_60559_DFP_EXT__ 1
| #define __STDC_WANT_IEC_60559_FUNCS_EXT__ 1
| #define __STDC_WANT_IEC_60559_TYPES_EXT__ 1
| #define __STDC_WANT_LIB_EXT2__ 1
| #define __STDC_WANT_MATH_SPEC_FUNCS__ 1
| #define _TANDEM_SOURCE 1
| #define __EXTENSIONS__ 1
| #define PROTOTYPES 1
| #define __PROTOTYPES 1
| #define HAVE_DIRENT_H 1
| #define HAVE_FCNTL 1
| #define HAVE_GETTIMEOFDAY 1
| #define HAVE_KILL 1
| #define HAVE_LSTAT 1
| #define HAVE_PSELECT 1
| #define HAVE_READLINK 1
| #define HAVE_SELECT 1
| #define HAVE_SETITIMER 1
| #define HAVE_FNMATCH 1
| #define HAVE_MEMMOVE 1
| #define HAVE_PUTENV 1
| #define HAVE_SETENV 1
| #define HAVE_SETLOCALE 1
| #define HAVE_STRCASECMP 1
| #define HAVE_STRPBRK 1
| #define HAVE_SYSCONF 1
| #define HAVE_TCGETATTR 1
| #define HAVE_VSNPRINTF 1
| #define HAVE_ISASCII 1
| #define HAVE_ISXDIGIT 1
| #define HAVE_GETPWENT 1
| #define HAVE_GETPWNAM 1
| #define HAVE_GETPWUID 1
| #define HAVE_CHOWN 1
| #define HAVE_STRCOLL 1
| #define HAVE_FCNTL_H 1
| #define HAVE_UNISTD_H 1
| #define HAVE_STDLIB_H 1
| #define HAVE_STDARG_H 1
| #define HAVE_STDBOOL_H 1
| #define HAVE_STRING_H 1
| #define HAVE_STRINGS_H 1
| #define HAVE_LIMITS_H 1
| #define HAVE_LOCALE_H 1
| #define HAVE_PWD_H 1
| #define HAVE_MEMORY_H 1
| #define HAVE_TERMCAP_H 1
| #define HAVE_TERMIOS_H 1
| #define HAVE_SYS_IOCTL_H 1
| #define HAVE_SYS_SELECT_H 1
| #define HAVE_SYS_TIME_H 1
| #define HAVE_SYS_FILE_H 1
| #define HAVE_POSIX_SIGNALS 1
| #define HAVE_POSIX_SIGSETJMP 1
| #define HAVE_LSTAT 1
| #define HAVE_GETPW_DECLS 1
| #define HAVE_INTTYPES_H 1
| #define TIOCSTAT_IN_SYS_IOCTL 1
| #define FIONREAD_IN_SYS_IOCTL 1
| #define STRUCT_WINSIZE_IN_SYS_IOCTL 1
| #define HAVE_STRUCT_DIRENT_D_INO 1
| #define HAVE_STRUCT_DIRENT_D_INO 1
| #define HAVE_STRUCT_DIRENT_D_FILENO 1
| #define HAVE_STRUCT_DIRENT_D_FILENO 1
| #define HAVE_TIMEVAL 1
| /* end confdefs.h.  */
| #include <stddef.h>
| #ifdef HAVE_STDIO_H
| # include <stdio.h>
| #endif
| #ifdef HAVE_STDLIB_H
| # include <stdlib.h>
| #endif
| #ifdef HAVE_STRING_H
| # include <string.h>
| #endif
| #ifdef HAVE_INTTYPES_H
| # include <inttypes.h>
| #endif
| #ifdef HAVE_STDINT_H
| # include <stdint.h>
| #endif
| #ifdef HAVE_STRINGS_H
| # include <strings.h>
| #endif
| #ifdef HAVE_SYS_TYPES_H
| # include <sys/types.h>
| #endif
| #ifdef HAVE_SYS_STAT_H
| # include <sys/stat.h>
| #endif
| #ifdef HAVE_UNISTD_H
| # include <unistd.h>
| #endif
| #include <libaudit.h>
configure:6964: result: no
configure:6971: checking for gcc options needed to detect all undeclared functions
configure:6993: gcc -c -g -O2   conftest.c >&5
conftest.c:98:8: error: implicitly declaring library function 'strchr' with type 'char *(const char *, int)' [-Werror,-Wimplicit-function-declaration]
(void) strchr;
       ^
conftest.c:98:8: note: include the header <string.h> or explicitly provide a declaration for 'strchr'
1 error generated.
configure:6993: $? = 1
configure: failed program was:
| /* confdefs.h */
| #define PACKAGE_NAME "readline"
| #define PACKAGE_TARNAME "readline"
| #define PACKAGE_VERSION "8.2"
| #define PACKAGE_STRING "readline 8.2"
| #define PACKAGE_BUGREPORT "bug-readline@gnu.org"
| #define PACKAGE_URL ""
| #define HAVE_STDIO_H 1
| #define HAVE_STDLIB_H 1
| #define HAVE_STRING_H 1
| #define HAVE_INTTYPES_H 1
| #define HAVE_STDINT_H 1
| #define HAVE_STRINGS_H 1
| #define HAVE_SYS_STAT_H 1
| #define HAVE_SYS_TYPES_H 1
| #define HAVE_UNISTD_H 1
| #define HAVE_WCHAR_H 1
| #define STDC_HEADERS 1
| #define _ALL_SOURCE 1
| #define _DARWIN_C_SOURCE 1
| #define _GNU_SOURCE 1
| #define _HPUX_ALT_XOPEN_SOCKET_API 1
| #define _NETBSD_SOURCE 1
| #define _OPENBSD_SOURCE 1
| #define _POSIX_PTHREAD_SEMANTICS 1
| #define __STDC_WANT_IEC_60559_ATTRIBS_EXT__ 1
| #define __STDC_WANT_IEC_60559_BFP_EXT__ 1
| #define __STDC_WANT_IEC_60559_DFP_EXT__ 1
| #define __STDC_WANT_IEC_60559_FUNCS_EXT__ 1
| #define __STDC_WANT_IEC_60559_TYPES_EXT__ 1
| #define __STDC_WANT_LIB_EXT2__ 1
| #define __STDC_WANT_MATH_SPEC_FUNCS__ 1
| #define _TANDEM_SOURCE 1
| #define __EXTENSIONS__ 1
| #define PROTOTYPES 1
| #define __PROTOTYPES 1
| #define HAVE_DIRENT_H 1
| #define HAVE_FCNTL 1
| #define HAVE_GETTIMEOFDAY 1
| #define HAVE_KILL 1
| #define HAVE_LSTAT 1
| #define HAVE_PSELECT 1
| #define HAVE_READLINK 1
| #define HAVE_SELECT 1
| #define HAVE_SETITIMER 1
| #define HAVE_FNMATCH 1
| #define HAVE_MEMMOVE 1
| #define HAVE_PUTENV 1
| #define HAVE_SETENV 1
| #define HAVE_SETLOCALE 1
| #define HAVE_STRCASECMP 1
| #define HAVE_STRPBRK 1
| #define HAVE_SYSCONF 1
| #define HAVE_TCGETATTR 1
| #define HAVE_VSNPRINTF 1
| #define HAVE_ISASCII 1
| #define HAVE_ISXDIGIT 1
| #define HAVE_GETPWENT 1
| #define HAVE_GETPWNAM 1
| #define HAVE_GETPWUID 1
| #define HAVE_CHOWN 1
| #define HAVE_STRCOLL 1
| #define HAVE_FCNTL_H 1
| #define HAVE_UNISTD_H 1
| #define HAVE_STDLIB_H 1
| #define HAVE_STDARG_H 1
| #define HAVE_STDBOOL_H 1
| #define HAVE_STRING_H 1
| #define HAVE_STRINGS_H 1
| #define HAVE_LIMITS_H 1
| #define HAVE_LOCALE_H 1
| #define HAVE_PWD_H 1
| #define HAVE_MEMORY_H 1
| #define HAVE_TERMCAP_H 1
| #define HAVE_TERMIOS_H 1
| #define HAVE_SYS_IOCTL_H 1
| #define HAVE_SYS_SELECT_H 1
| #define HAVE_SYS_TIME_H 1
| #define HAVE_SYS_FILE_H 1
| #define HAVE_POSIX_SIGNALS 1
| #define HAVE_POSIX_SIGSETJMP 1
| #define HAVE_LSTAT 1
| #define HAVE_GETPW_DECLS 1
| #define HAVE_INTTYPES_H 1
| #define TIOCSTAT_IN_SYS_IOCTL 1
| #define FIONREAD_IN_SYS_IOCTL 1
| #define STRUCT_WINSIZE_IN_SYS_IOCTL 1
| #define HAVE_STRUCT_DIRENT_D_INO 1
| #define HAVE_STRUCT_DIRENT_D_INO 1
| #define HAVE_STRUCT_DIRENT_D_FILENO 1
| #define HAVE_STRUCT_DIRENT_D_FILENO 1
| #define HAVE_TIMEVAL 1
| /* end confdefs.h.  */
| 
| int
| main (void)
| {
| (void) strchr;
|   ;
|   return 0;
| }
configure:7020: gcc -c -g -O2   conftest.c >&5
configure:7020: $? = 0
configure:7037: result: none needed
configure:7051: checking whether AUDIT_USER_TTY is declared
configure:7051: gcc -c -g -O2   conftest.c >&5
conftest.c:94:10: fatal error: 'linux/audit.h' file not found
#include <linux/audit.h>
         ^~~~~~~~~~~~~~~
1 error generated.
configure:7051: $? = 1
configure: failed program was:
| /* confdefs.h */
| #define PACKAGE_NAME "readline"
| #define PACKAGE_TARNAME "readline"
| #define PACKAGE_VERSION "8.2"
| #define PACKAGE_STRING "readline 8.2"
| #define PACKAGE_BUGREPORT "bug-readline@gnu.org"
| #define PACKAGE_URL ""
| #define HAVE_STDIO_H 1
| #define HAVE_STDLIB_H 1
| #define HAVE_STRING_H 1
| #define HAVE_INTTYPES_H 1
| #define HAVE_STDINT_H 1
| #define HAVE_STRINGS_H 1
| #define HAVE_SYS_STAT_H 1
| #define HAVE_SYS_TYPES_H 1
| #define HAVE_UNISTD_H 1
| #define HAVE_WCHAR_H 1
| #define STDC_HEADERS 1
| #define _ALL_SOURCE 1
| #define _DARWIN_C_SOURCE 1
| #define _GNU_SOURCE 1
| #define _HPUX_ALT_XOPEN_SOCKET_API 1
| #define _NETBSD_SOURCE 1
| #define _OPENBSD_SOURCE 1
| #define _POSIX_PTHREAD_SEMANTICS 1
| #define __STDC_WANT_IEC_60559_ATTRIBS_EXT__ 1
| #define __STDC_WANT_IEC_60559_BFP_EXT__ 1
| #define __STDC_WANT_IEC_60559_DFP_EXT__ 1
| #define __STDC_WANT_IEC_60559_FUNCS_EXT__ 1
| #define __STDC_WANT_IEC_60559_TYPES_EXT__ 1
| #define __STDC_WANT_LIB_EXT2__ 1
| #define __STDC_WANT_MATH_SPEC_FUNCS__ 1
| #define _TANDEM_SOURCE 1
| #define __EXTENSIONS__ 1
| #define PROTOTYPES 1
| #define __PROTOTYPES 1
| #define HAVE_DIRENT_H 1
| #define HAVE_FCNTL 1
| #define HAVE_GETTIMEOFDAY 1
| #define HAVE_KILL 1
| #define HAVE_LSTAT 1
| #define HAVE_PSELECT 1
| #define HAVE_READLINK 1
| #define HAVE_SELECT 1
| #define HAVE_SETITIMER 1
| #define HAVE_FNMATCH 1
| #define HAVE_MEMMOVE 1
| #define HAVE_PUTENV 1
| #define HAVE_SETENV 1
| #define HAVE_SETLOCALE 1
| #define HAVE_STRCASECMP 1
| #define HAVE_STRPBRK 1
| #define HAVE_SYSCONF 1
| #define HAVE_TCGETATTR 1
| #define HAVE_VSNPRINTF 1
| #define HAVE_ISASCII 1
| #define HAVE_ISXDIGIT 1
| #define HAVE_GETPWENT 1
| #define HAVE_GETPWNAM 1
| #define HAVE_GETPWUID 1
| #define HAVE_CHOWN 1
| #define HAVE_STRCOLL 1
| #define HAVE_FCNTL_H 1
| #define HAVE_UNISTD_H 1
| #define HAVE_STDLIB_H 1
| #define HAVE_STDARG_H 1
| #define HAVE_STDBOOL_H 1
| #define HAVE_STRING_H 1
| #define HAVE_STRINGS_H 1
| #define HAVE_LIMITS_H 1
| #define HAVE_LOCALE_H 1
| #define HAVE_PWD_H 1
| #define HAVE_MEMORY_H 1
| #define HAVE_TERMCAP_H 1
| #define HAVE_TERMIOS_H 1
| #define HAVE_SYS_IOCTL_H 1
| #define HAVE_SYS_SELECT_H 1
| #define HAVE_SYS_TIME_H 1
| #define HAVE_SYS_FILE_H 1
| #define HAVE_POSIX_SIGNALS 1
| #define HAVE_POSIX_SIGSETJMP 1
| #define HAVE_LSTAT 1
| #define HAVE_GETPW_DECLS 1
| #define HAVE_INTTYPES_H 1
| #define TIOCSTAT_IN_SYS_IOCTL 1
| #define FIONREAD_IN_SYS_IOCTL 1
| #define STRUCT_WINSIZE_IN_SYS_IOCTL 1
| #define HAVE_STRUCT_DIRENT_D_INO 1
| #define HAVE_STRUCT_DIRENT_D_INO 1
| #define HAVE_STRUCT_DIRENT_D_FILENO 1
| #define HAVE_STRUCT_DIRENT_D_FILENO 1
| #define HAVE_TIMEVAL 1
| /* end confdefs.h.  */
| #include <linux/audit.h>
| 
| int
| main (void)
| {
| #ifndef AUDIT_USER_TTY
| #ifdef __cplusplus
|   (void) AUDIT_USER_TTY;
| #else
|   (void) AUDIT_USER_TTY;
| #endif
| #endif
| 
|   ;
|   return 0;
| }
configure:7051: result: no
configure:7077: checking for tgetent
configure:7077: gcc -o conftest -g -O2   conftest.c  >&5
Undefined symbols for architecture x86_64:
  "_tgetent", referenced from:
      _main in conftest-5a55f6.o
ld: symbol(s) not found for architecture x86_64
clang: error: linker command failed with exit code 1 (use -v to see invocation)
configure:7077: $? = 1
configure: failed program was:
| /* confdefs.h */
| #define PACKAGE_NAME "readline"
| #define PACKAGE_TARNAME "readline"
| #define PACKAGE_VERSION "8.2"
| #define PACKAGE_STRING "readline 8.2"
| #define PACKAGE_BUGREPORT "bug-readline@gnu.org"
| #define PACKAGE_URL ""
| #define HAVE_STDIO_H 1
| #define HAVE_STDLIB_H 1
| #define HAVE_STRING_H 1
| #define HAVE_INTTYPES_H 1
| #define HAVE_STDINT_H 1
| #define HAVE_STRINGS_H 1
| #define HAVE_SYS_STAT_H 1
| #define HAVE_SYS_TYPES_H 1
| #define HAVE_UNISTD_H 1
| #define HAVE_WCHAR_H 1
| #define STDC_HEADERS 1
| #define _ALL_SOURCE 1
| #define _DARWIN_C_SOURCE 1
| #define _GNU_SOURCE 1
| #define _HPUX_ALT_XOPEN_SOCKET_API 1
| #define _NETBSD_SOURCE 1
| #define _OPENBSD_SOURCE 1
| #define _POSIX_PTHREAD_SEMANTICS 1
| #define __STDC_WANT_IEC_60559_ATTRIBS_EXT__ 1
| #define __STDC_WANT_IEC_60559_BFP_EXT__ 1
| #define __STDC_WANT_IEC_60559_DFP_EXT__ 1
| #define __STDC_WANT_IEC_60559_FUNCS_EXT__ 1
| #define __STDC_WANT_IEC_60559_TYPES_EXT__ 1
| #define __STDC_WANT_LIB_EXT2__ 1
| #define __STDC_WANT_MATH_SPEC_FUNCS__ 1
| #define _TANDEM_SOURCE 1
| #define __EXTENSIONS__ 1
| #define PROTOTYPES 1
| #define __PROTOTYPES 1
| #define HAVE_DIRENT_H 1
| #define HAVE_FCNTL 1
| #define HAVE_GETTIMEOFDAY 1
| #define HAVE_KILL 1
| #define HAVE_LSTAT 1
| #define HAVE_PSELECT 1
| #define HAVE_READLINK 1
| #define HAVE_SELECT 1
| #define HAVE_SETITIMER 1
| #define HAVE_FNMATCH 1
| #define HAVE_MEMMOVE 1
| #define HAVE_PUTENV 1
| #define HAVE_SETENV 1
| #define HAVE_SETLOCALE 1
| #define HAVE_STRCASECMP 1
| #define HAVE_STRPBRK 1
| #define HAVE_SYSCONF 1
| #define HAVE_TCGETATTR 1
| #define HAVE_VSNPRINTF 1
| #define HAVE_ISASCII 1
| #define HAVE_ISXDIGIT 1
| #define HAVE_GETPWENT 1
| #define HAVE_GETPWNAM 1
| #define HAVE_GETPWUID 1
| #define HAVE_CHOWN 1
| #define HAVE_STRCOLL 1
| #define HAVE_FCNTL_H 1
| #define HAVE_UNISTD_H 1
| #define HAVE_STDLIB_H 1
| #define HAVE_STDARG_H 1
| #define HAVE_STDBOOL_H 1
| #define HAVE_STRING_H 1
| #define HAVE_STRINGS_H 1
| #define HAVE_LIMITS_H 1
| #define HAVE_LOCALE_H 1
| #define HAVE_PWD_H 1
| #define HAVE_MEMORY_H 1
| #define HAVE_TERMCAP_H 1
| #define HAVE_TERMIOS_H 1
| #define HAVE_SYS_IOCTL_H 1
| #define HAVE_SYS_SELECT_H 1
| #define HAVE_SYS_TIME_H 1
| #define HAVE_SYS_FILE_H 1
| #define HAVE_POSIX_SIGNALS 1
| #define HAVE_POSIX_SIGSETJMP 1
| #define HAVE_LSTAT 1
| #define HAVE_GETPW_DECLS 1
| #define HAVE_INTTYPES_H 1
| #define TIOCSTAT_IN_SYS_IOCTL 1
| #define FIONREAD_IN_SYS_IOCTL 1
| #define STRUCT_WINSIZE_IN_SYS_IOCTL 1
| #define HAVE_STRUCT_DIRENT_D_INO 1
| #define HAVE_STRUCT_DIRENT_D_INO 1
| #define HAVE_STRUCT_DIRENT_D_FILENO 1
| #define HAVE_STRUCT_DIRENT_D_FILENO 1
| #define HAVE_TIMEVAL 1
| #define HAVE_DECL_AUDIT_USER_TTY 0
| /* end confdefs.h.  */
| /* Define tgetent to an innocuous variant, in case <limits.h> declares tgetent.
|    For example, HP-UX 11i <limits.h> declares gettimeofday.  */
| #define tgetent innocuous_tgetent
| 
| /* System header to define __stub macros and hopefully few prototypes,
|    which can conflict with char tgetent (); below.  */
| 
| #include <limits.h>
| #undef tgetent
| 
| /* Override any GCC internal prototype to avoid an error.
|    Use char because int might match the return type of a GCC
|    builtin and then its argument prototype would still apply.  */
| #ifdef __cplusplus
| extern "C"
| #endif
| char tgetent ();
| /* The GNU C library defines this for functions which it implements
|     to always fail with ENOSYS.  Some functions are actually named
|     something starting with __ and the normal name is an alias.  */
| #if defined __stub_tgetent || defined __stub___tgetent
| choke me
| #endif
| 
| int
| main (void)
| {
| return tgetent ();
|   ;
|   return 0;
| }
configure:7077: result: no
configure:7082: checking for tgetent in -ltermcap
configure:7105: gcc -o conftest -g -O2   conftest.c -ltermcap   >&5
configure:7105: $? = 0
configure:7115: result: yes
configure:7293: checking which library has the termcap functions
configure:7296: result: using libtermcap
configure:7351: checking for nl_langinfo and CODESET
configure:7368: gcc -o conftest -g -O2   conftest.c  >&5
configure:7368: $? = 0
configure:7378: result: yes
configure:7387: checking for wctype.h
configure:7387: gcc -c -g -O2  conftest.c >&5
configure:7387: $? = 0
configure:7387: result: yes
configure:7394: checking for wchar.h
configure:7394: result: yes
configure:7401: checking for langinfo.h
configure:7401: gcc -c -g -O2  conftest.c >&5
configure:7401: $? = 0
configure:7401: result: yes
configure:7409: checking for mbstr.h
configure:7409: gcc -c -g -O2  conftest.c >&5
conftest.c:127:10: fatal error: 'mbstr.h' file not found
#include <mbstr.h>
         ^~~~~~~~~
1 error generated.
configure:7409: $? = 1
configure: failed program was:
| /* confdefs.h */
| #define PACKAGE_NAME "readline"
| #define PACKAGE_TARNAME "readline"
| #define PACKAGE_VERSION "8.2"
| #define PACKAGE_STRING "readline 8.2"
| #define PACKAGE_BUGREPORT "bug-readline@gnu.org"
| #define PACKAGE_URL ""
| #define HAVE_STDIO_H 1
| #define HAVE_STDLIB_H 1
| #define HAVE_STRING_H 1
| #define HAVE_INTTYPES_H 1
| #define HAVE_STDINT_H 1
| #define HAVE_STRINGS_H 1
| #define HAVE_SYS_STAT_H 1
| #define HAVE_SYS_TYPES_H 1
| #define HAVE_UNISTD_H 1
| #define HAVE_WCHAR_H 1
| #define STDC_HEADERS 1
| #define _ALL_SOURCE 1
| #define _DARWIN_C_SOURCE 1
| #define _GNU_SOURCE 1
| #define _HPUX_ALT_XOPEN_SOCKET_API 1
| #define _NETBSD_SOURCE 1
| #define _OPENBSD_SOURCE 1
| #define _POSIX_PTHREAD_SEMANTICS 1
| #define __STDC_WANT_IEC_60559_ATTRIBS_EXT__ 1
| #define __STDC_WANT_IEC_60559_BFP_EXT__ 1
| #define __STDC_WANT_IEC_60559_DFP_EXT__ 1
| #define __STDC_WANT_IEC_60559_FUNCS_EXT__ 1
| #define __STDC_WANT_IEC_60559_TYPES_EXT__ 1
| #define __STDC_WANT_LIB_EXT2__ 1
| #define __STDC_WANT_MATH_SPEC_FUNCS__ 1
| #define _TANDEM_SOURCE 1
| #define __EXTENSIONS__ 1
| #define PROTOTYPES 1
| #define __PROTOTYPES 1
| #define HAVE_DIRENT_H 1
| #define HAVE_FCNTL 1
| #define HAVE_GETTIMEOFDAY 1
| #define HAVE_KILL 1
| #define HAVE_LSTAT 1
| #define HAVE_PSELECT 1
| #define HAVE_READLINK 1
| #define HAVE_SELECT 1
| #define HAVE_SETITIMER 1
| #define HAVE_FNMATCH 1
| #define HAVE_MEMMOVE 1
| #define HAVE_PUTENV 1
| #define HAVE_SETENV 1
| #define HAVE_SETLOCALE 1
| #define HAVE_STRCASECMP 1
| #define HAVE_STRPBRK 1
| #define HAVE_SYSCONF 1
| #define HAVE_TCGETATTR 1
| #define HAVE_VSNPRINTF 1
| #define HAVE_ISASCII 1
| #define HAVE_ISXDIGIT 1
| #define HAVE_GETPWENT 1
| #define HAVE_GETPWNAM 1
| #define HAVE_GETPWUID 1
| #define HAVE_CHOWN 1
| #define HAVE_STRCOLL 1
| #define HAVE_FCNTL_H 1
| #define HAVE_UNISTD_H 1
| #define HAVE_STDLIB_H 1
| #define HAVE_STDARG_H 1
| #define HAVE_STDBOOL_H 1
| #define HAVE_STRING_H 1
| #define HAVE_STRINGS_H 1
| #define HAVE_LIMITS_H 1
| #define HAVE_LOCALE_H 1
| #define HAVE_PWD_H 1
| #define HAVE_MEMORY_H 1
| #define HAVE_TERMCAP_H 1
| #define HAVE_TERMIOS_H 1
| #define HAVE_SYS_IOCTL_H 1
| #define HAVE_SYS_SELECT_H 1
| #define HAVE_SYS_TIME_H 1
| #define HAVE_SYS_FILE_H 1
| #define HAVE_POSIX_SIGNALS 1
| #define HAVE_POSIX_SIGSETJMP 1
| #define HAVE_LSTAT 1
| #define HAVE_GETPW_DECLS 1
| #define HAVE_INTTYPES_H 1
| #define TIOCSTAT_IN_SYS_IOCTL 1
| #define FIONREAD_IN_SYS_IOCTL 1
| #define STRUCT_WINSIZE_IN_SYS_IOCTL 1
| #define HAVE_STRUCT_DIRENT_D_INO 1
| #define HAVE_STRUCT_DIRENT_D_INO 1
| #define HAVE_STRUCT_DIRENT_D_FILENO 1
| #define HAVE_STRUCT_DIRENT_D_FILENO 1
| #define HAVE_TIMEVAL 1
| #define HAVE_DECL_AUDIT_USER_TTY 0
| #define HAVE_LANGINFO_CODESET 1
| #define HAVE_WCTYPE_H 1
| #define HAVE_WCHAR_H 1
| #define HAVE_LANGINFO_H 1
| /* end confdefs.h.  */
| #include <stddef.h>
| #ifdef HAVE_STDIO_H
| # include <stdio.h>
| #endif
| #ifdef HAVE_STDLIB_H
| # include <stdlib.h>
| #endif
| #ifdef HAVE_STRING_H
| # include <string.h>
| #endif
| #ifdef HAVE_INTTYPES_H
| # include <inttypes.h>
| #endif
| #ifdef HAVE_STDINT_H
| # include <stdint.h>
| #endif
| #ifdef HAVE_STRINGS_H
| # include <strings.h>
| #endif
| #ifdef HAVE_SYS_TYPES_H
| # include <sys/types.h>
| #endif
| #ifdef HAVE_SYS_STAT_H
| # include <sys/stat.h>
| #endif
| #ifdef HAVE_UNISTD_H
| # include <unistd.h>
| #endif
| #include <mbstr.h>
configure:7409: result: no
configure:7417: checking for mbrlen
configure:7417: gcc -o conftest -g -O2   conftest.c  >&5
configure:7417: $? = 0
configure:7417: result: yes
configure:7424: checking for mbscasecmp
configure:7424: gcc -o conftest -g -O2   conftest.c  >&5
Undefined symbols for architecture x86_64:
  "_mbscasecmp", referenced from:
      _main in conftest-6391e8.o
ld: symbol(s) not found for architecture x86_64
clang: error: linker command failed with exit code 1 (use -v to see invocation)
configure:7424: $? = 1
configure: failed program was:
| /* confdefs.h */
| #define PACKAGE_NAME "readline"
| #define PACKAGE_TARNAME "readline"
| #define PACKAGE_VERSION "8.2"
| #define PACKAGE_STRING "readline 8.2"
| #define PACKAGE_BUGREPORT "bug-readline@gnu.org"
| #define PACKAGE_URL ""
| #define HAVE_STDIO_H 1
| #define HAVE_STDLIB_H 1
| #define HAVE_STRING_H 1
| #define HAVE_INTTYPES_H 1
| #define HAVE_STDINT_H 1
| #define HAVE_STRINGS_H 1
| #define HAVE_SYS_STAT_H 1
| #define HAVE_SYS_TYPES_H 1
| #define HAVE_UNISTD_H 1
| #define HAVE_WCHAR_H 1
| #define STDC_HEADERS 1
| #define _ALL_SOURCE 1
| #define _DARWIN_C_SOURCE 1
| #define _GNU_SOURCE 1
| #define _HPUX_ALT_XOPEN_SOCKET_API 1
| #define _NETBSD_SOURCE 1
| #define _OPENBSD_SOURCE 1
| #define _POSIX_PTHREAD_SEMANTICS 1
| #define __STDC_WANT_IEC_60559_ATTRIBS_EXT__ 1
| #define __STDC_WANT_IEC_60559_BFP_EXT__ 1
| #define __STDC_WANT_IEC_60559_DFP_EXT__ 1
| #define __STDC_WANT_IEC_60559_FUNCS_EXT__ 1
| #define __STDC_WANT_IEC_60559_TYPES_EXT__ 1
| #define __STDC_WANT_LIB_EXT2__ 1
| #define __STDC_WANT_MATH_SPEC_FUNCS__ 1
| #define _TANDEM_SOURCE 1
| #define __EXTENSIONS__ 1
| #define PROTOTYPES 1
| #define __PROTOTYPES 1
| #define HAVE_DIRENT_H 1
| #define HAVE_FCNTL 1
| #define HAVE_GETTIMEOFDAY 1
| #define HAVE_KILL 1
| #define HAVE_LSTAT 1
| #define HAVE_PSELECT 1
| #define HAVE_READLINK 1
| #define HAVE_SELECT 1
| #define HAVE_SETITIMER 1
| #define HAVE_FNMATCH 1
| #define HAVE_MEMMOVE 1
| #define HAVE_PUTENV 1
| #define HAVE_SETENV 1
| #define HAVE_SETLOCALE 1
| #define HAVE_STRCASECMP 1
| #define HAVE_STRPBRK 1
| #define HAVE_SYSCONF 1
| #define HAVE_TCGETATTR 1
| #define HAVE_VSNPRINTF 1
| #define HAVE_ISASCII 1
| #define HAVE_ISXDIGIT 1
| #define HAVE_GETPWENT 1
| #define HAVE_GETPWNAM 1
| #define HAVE_GETPWUID 1
| #define HAVE_CHOWN 1
| #define HAVE_STRCOLL 1
| #define HAVE_FCNTL_H 1
| #define HAVE_UNISTD_H 1
| #define HAVE_STDLIB_H 1
| #define HAVE_STDARG_H 1
| #define HAVE_STDBOOL_H 1
| #define HAVE_STRING_H 1
| #define HAVE_STRINGS_H 1
| #define HAVE_LIMITS_H 1
| #define HAVE_LOCALE_H 1
| #define HAVE_PWD_H 1
| #define HAVE_MEMORY_H 1
| #define HAVE_TERMCAP_H 1
| #define HAVE_TERMIOS_H 1
| #define HAVE_SYS_IOCTL_H 1
| #define HAVE_SYS_SELECT_H 1
| #define HAVE_SYS_TIME_H 1
| #define HAVE_SYS_FILE_H 1
| #define HAVE_POSIX_SIGNALS 1
| #define HAVE_POSIX_SIGSETJMP 1
| #define HAVE_LSTAT 1
| #define HAVE_GETPW_DECLS 1
| #define HAVE_INTTYPES_H 1
| #define TIOCSTAT_IN_SYS_IOCTL 1
| #define FIONREAD_IN_SYS_IOCTL 1
| #define STRUCT_WINSIZE_IN_SYS_IOCTL 1
| #define HAVE_STRUCT_DIRENT_D_INO 1
| #define HAVE_STRUCT_DIRENT_D_INO 1
| #define HAVE_STRUCT_DIRENT_D_FILENO 1
| #define HAVE_STRUCT_DIRENT_D_FILENO 1
| #define HAVE_TIMEVAL 1
| #define HAVE_DECL_AUDIT_USER_TTY 0
| #define HAVE_LANGINFO_CODESET 1
| #define HAVE_WCTYPE_H 1
| #define HAVE_WCHAR_H 1
| #define HAVE_LANGINFO_H 1
| #define HAVE_MBRLEN 1
| /* end confdefs.h.  */
| /* Define mbscasecmp to an innocuous variant, in case <limits.h> declares mbscasecmp.
|    For example, HP-UX 11i <limits.h> declares gettimeofday.  */
| #define mbscasecmp innocuous_mbscasecmp
| 
| /* System header to define __stub macros and hopefully few prototypes,
|    which can conflict with char mbscasecmp (); below.  */
| 
| #include <limits.h>
| #undef mbscasecmp
| 
| /* Override any GCC internal prototype to avoid an error.
|    Use char because int might match the return type of a GCC
|    builtin and then its argument prototype would still apply.  */
| #ifdef __cplusplus
| extern "C"
| #endif
| char mbscasecmp ();
| /* The GNU C library defines this for functions which it implements
|     to always fail with ENOSYS.  Some functions are actually named
|     something starting with __ and the normal name is an alias.  */
| #if defined __stub_mbscasecmp || defined __stub___mbscasecmp
| choke me
| #endif
| 
| int
| main (void)
| {
| return mbscasecmp ();
|   ;
|   return 0;
| }
configure:7424: result: no
configure:7431: checking for mbscmp
configure:7431: gcc -o conftest -g -O2   conftest.c  >&5
Undefined symbols for architecture x86_64:
  "_mbscmp", referenced from:
      _main in conftest-f57444.o
ld: symbol(s) not found for architecture x86_64
clang: error: linker command failed with exit code 1 (use -v to see invocation)
configure:7431: $? = 1
configure: failed program was:
| /* confdefs.h */
| #define PACKAGE_NAME "readline"
| #define PACKAGE_TARNAME "readline"
| #define PACKAGE_VERSION "8.2"
| #define PACKAGE_STRING "readline 8.2"
| #define PACKAGE_BUGREPORT "bug-readline@gnu.org"
| #define PACKAGE_URL ""
| #define HAVE_STDIO_H 1
| #define HAVE_STDLIB_H 1
| #define HAVE_STRING_H 1
| #define HAVE_INTTYPES_H 1
| #define HAVE_STDINT_H 1
| #define HAVE_STRINGS_H 1
| #define HAVE_SYS_STAT_H 1
| #define HAVE_SYS_TYPES_H 1
| #define HAVE_UNISTD_H 1
| #define HAVE_WCHAR_H 1
| #define STDC_HEADERS 1
| #define _ALL_SOURCE 1
| #define _DARWIN_C_SOURCE 1
| #define _GNU_SOURCE 1
| #define _HPUX_ALT_XOPEN_SOCKET_API 1
| #define _NETBSD_SOURCE 1
| #define _OPENBSD_SOURCE 1
| #define _POSIX_PTHREAD_SEMANTICS 1
| #define __STDC_WANT_IEC_60559_ATTRIBS_EXT__ 1
| #define __STDC_WANT_IEC_60559_BFP_EXT__ 1
| #define __STDC_WANT_IEC_60559_DFP_EXT__ 1
| #define __STDC_WANT_IEC_60559_FUNCS_EXT__ 1
| #define __STDC_WANT_IEC_60559_TYPES_EXT__ 1
| #define __STDC_WANT_LIB_EXT2__ 1
| #define __STDC_WANT_MATH_SPEC_FUNCS__ 1
| #define _TANDEM_SOURCE 1
| #define __EXTENSIONS__ 1
| #define PROTOTYPES 1
| #define __PROTOTYPES 1
| #define HAVE_DIRENT_H 1
| #define HAVE_FCNTL 1
| #define HAVE_GETTIMEOFDAY 1
| #define HAVE_KILL 1
| #define HAVE_LSTAT 1
| #define HAVE_PSELECT 1
| #define HAVE_READLINK 1
| #define HAVE_SELECT 1
| #define HAVE_SETITIMER 1
| #define HAVE_FNMATCH 1
| #define HAVE_MEMMOVE 1
| #define HAVE_PUTENV 1
| #define HAVE_SETENV 1
| #define HAVE_SETLOCALE 1
| #define HAVE_STRCASECMP 1
| #define HAVE_STRPBRK 1
| #define HAVE_SYSCONF 1
| #define HAVE_TCGETATTR 1
| #define HAVE_VSNPRINTF 1
| #define HAVE_ISASCII 1
| #define HAVE_ISXDIGIT 1
| #define HAVE_GETPWENT 1
| #define HAVE_GETPWNAM 1
| #define HAVE_GETPWUID 1
| #define HAVE_CHOWN 1
| #define HAVE_STRCOLL 1
| #define HAVE_FCNTL_H 1
| #define HAVE_UNISTD_H 1
| #define HAVE_STDLIB_H 1
| #define HAVE_STDARG_H 1
| #define HAVE_STDBOOL_H 1
| #define HAVE_STRING_H 1
| #define HAVE_STRINGS_H 1
| #define HAVE_LIMITS_H 1
| #define HAVE_LOCALE_H 1
| #define HAVE_PWD_H 1
| #define HAVE_MEMORY_H 1
| #define HAVE_TERMCAP_H 1
| #define HAVE_TERMIOS_H 1
| #define HAVE_SYS_IOCTL_H 1
| #define HAVE_SYS_SELECT_H 1
| #define HAVE_SYS_TIME_H 1
| #define HAVE_SYS_FILE_H 1
| #define HAVE_POSIX_SIGNALS 1
| #define HAVE_POSIX_SIGSETJMP 1
| #define HAVE_LSTAT 1
| #define HAVE_GETPW_DECLS 1
| #define HAVE_INTTYPES_H 1
| #define TIOCSTAT_IN_SYS_IOCTL 1
| #define FIONREAD_IN_SYS_IOCTL 1
| #define STRUCT_WINSIZE_IN_SYS_IOCTL 1
| #define HAVE_STRUCT_DIRENT_D_INO 1
| #define HAVE_STRUCT_DIRENT_D_INO 1
| #define HAVE_STRUCT_DIRENT_D_FILENO 1
| #define HAVE_STRUCT_DIRENT_D_FILENO 1
| #define HAVE_TIMEVAL 1
| #define HAVE_DECL_AUDIT_USER_TTY 0
| #define HAVE_LANGINFO_CODESET 1
| #define HAVE_WCTYPE_H 1
| #define HAVE_WCHAR_H 1
| #define HAVE_LANGINFO_H 1
| #define HAVE_MBRLEN 1
| /* end confdefs.h.  */
| /* Define mbscmp to an innocuous variant, in case <limits.h> declares mbscmp.
|    For example, HP-UX 11i <limits.h> declares gettimeofday.  */
| #define mbscmp innocuous_mbscmp
| 
| /* System header to define __stub macros and hopefully few prototypes,
|    which can conflict with char mbscmp (); below.  */
| 
| #include <limits.h>
| #undef mbscmp
| 
| /* Override any GCC internal prototype to avoid an error.
|    Use char because int might match the return type of a GCC
|    builtin and then its argument prototype would still apply.  */
| #ifdef __cplusplus
| extern "C"
| #endif
| char mbscmp ();
| /* The GNU C library defines this for functions which it implements
|     to always fail with ENOSYS.  Some functions are actually named
|     something starting with __ and the normal name is an alias.  */
| #if defined __stub_mbscmp || defined __stub___mbscmp
| choke me
| #endif
| 
| int
| main (void)
| {
| return mbscmp ();
|   ;
|   return 0;
| }
configure:7431: result: no
configure:7438: checking for mbsnrtowcs
configure:7438: gcc -o conftest -g -O2   conftest.c  >&5
configure:7438: $? = 0
configure:7438: result: yes
configure:7445: checking for mbsrtowcs
configure:7445: gcc -o conftest -g -O2   conftest.c  >&5
configure:7445: $? = 0
configure:7445: result: yes
configure:7453: checking for mbschr
configure:7453: gcc -o conftest -g -O2   conftest.c  >&5
Undefined symbols for architecture x86_64:
  "_mbschr", referenced from:
      _main in conftest-dd383a.o
ld: symbol(s) not found for architecture x86_64
clang: error: linker command failed with exit code 1 (use -v to see invocation)
configure:7453: $? = 1
configure: failed program was:
| /* confdefs.h */
| #define PACKAGE_NAME "readline"
| #define PACKAGE_TARNAME "readline"
| #define PACKAGE_VERSION "8.2"
| #define PACKAGE_STRING "readline 8.2"
| #define PACKAGE_BUGREPORT "bug-readline@gnu.org"
| #define PACKAGE_URL ""
| #define HAVE_STDIO_H 1
| #define HAVE_STDLIB_H 1
| #define HAVE_STRING_H 1
| #define HAVE_INTTYPES_H 1
| #define HAVE_STDINT_H 1
| #define HAVE_STRINGS_H 1
| #define HAVE_SYS_STAT_H 1
| #define HAVE_SYS_TYPES_H 1
| #define HAVE_UNISTD_H 1
| #define HAVE_WCHAR_H 1
| #define STDC_HEADERS 1
| #define _ALL_SOURCE 1
| #define _DARWIN_C_SOURCE 1
| #define _GNU_SOURCE 1
| #define _HPUX_ALT_XOPEN_SOCKET_API 1
| #define _NETBSD_SOURCE 1
| #define _OPENBSD_SOURCE 1
| #define _POSIX_PTHREAD_SEMANTICS 1
| #define __STDC_WANT_IEC_60559_ATTRIBS_EXT__ 1
| #define __STDC_WANT_IEC_60559_BFP_EXT__ 1
| #define __STDC_WANT_IEC_60559_DFP_EXT__ 1
| #define __STDC_WANT_IEC_60559_FUNCS_EXT__ 1
| #define __STDC_WANT_IEC_60559_TYPES_EXT__ 1
| #define __STDC_WANT_LIB_EXT2__ 1
| #define __STDC_WANT_MATH_SPEC_FUNCS__ 1
| #define _TANDEM_SOURCE 1
| #define __EXTENSIONS__ 1
| #define PROTOTYPES 1
| #define __PROTOTYPES 1
| #define HAVE_DIRENT_H 1
| #define HAVE_FCNTL 1
| #define HAVE_GETTIMEOFDAY 1
| #define HAVE_KILL 1
| #define HAVE_LSTAT 1
| #define HAVE_PSELECT 1
| #define HAVE_READLINK 1
| #define HAVE_SELECT 1
| #define HAVE_SETITIMER 1
| #define HAVE_FNMATCH 1
| #define HAVE_MEMMOVE 1
| #define HAVE_PUTENV 1
| #define HAVE_SETENV 1
| #define HAVE_SETLOCALE 1
| #define HAVE_STRCASECMP 1
| #define HAVE_STRPBRK 1
| #define HAVE_SYSCONF 1
| #define HAVE_TCGETATTR 1
| #define HAVE_VSNPRINTF 1
| #define HAVE_ISASCII 1
| #define HAVE_ISXDIGIT 1
| #define HAVE_GETPWENT 1
| #define HAVE_GETPWNAM 1
| #define HAVE_GETPWUID 1
| #define HAVE_CHOWN 1
| #define HAVE_STRCOLL 1
| #define HAVE_FCNTL_H 1
| #define HAVE_UNISTD_H 1
| #define HAVE_STDLIB_H 1
| #define HAVE_STDARG_H 1
| #define HAVE_STDBOOL_H 1
| #define HAVE_STRING_H 1
| #define HAVE_STRINGS_H 1
| #define HAVE_LIMITS_H 1
| #define HAVE_LOCALE_H 1
| #define HAVE_PWD_H 1
| #define HAVE_MEMORY_H 1
| #define HAVE_TERMCAP_H 1
| #define HAVE_TERMIOS_H 1
| #define HAVE_SYS_IOCTL_H 1
| #define HAVE_SYS_SELECT_H 1
| #define HAVE_SYS_TIME_H 1
| #define HAVE_SYS_FILE_H 1
| #define HAVE_POSIX_SIGNALS 1
| #define HAVE_POSIX_SIGSETJMP 1
| #define HAVE_LSTAT 1
| #define HAVE_GETPW_DECLS 1
| #define HAVE_INTTYPES_H 1
| #define TIOCSTAT_IN_SYS_IOCTL 1
| #define FIONREAD_IN_SYS_IOCTL 1
| #define STRUCT_WINSIZE_IN_SYS_IOCTL 1
| #define HAVE_STRUCT_DIRENT_D_INO 1
| #define HAVE_STRUCT_DIRENT_D_INO 1
| #define HAVE_STRUCT_DIRENT_D_FILENO 1
| #define HAVE_STRUCT_DIRENT_D_FILENO 1
| #define HAVE_TIMEVAL 1
| #define HAVE_DECL_AUDIT_USER_TTY 0
| #define HAVE_LANGINFO_CODESET 1
| #define HAVE_WCTYPE_H 1
| #define HAVE_WCHAR_H 1
| #define HAVE_LANGINFO_H 1
| #define HAVE_MBRLEN 1
| #define HAVE_MBSNRTOWCS 1
| #define HAVE_MBSRTOWCS 1
| /* end confdefs.h.  */
| /* Define mbschr to an innocuous variant, in case <limits.h> declares mbschr.
|    For example, HP-UX 11i <limits.h> declares gettimeofday.  */
| #define mbschr innocuous_mbschr
| 
| /* System header to define __stub macros and hopefully few prototypes,
|    which can conflict with char mbschr (); below.  */
| 
| #include <limits.h>
| #undef mbschr
| 
| /* Override any GCC internal prototype to avoid an error.
|    Use char because int might match the return type of a GCC
|    builtin and then its argument prototype would still apply.  */
| #ifdef __cplusplus
| extern "C"
| #endif
| char mbschr ();
| /* The GNU C library defines this for functions which it implements
|     to always fail with ENOSYS.  Some functions are actually named
|     something starting with __ and the normal name is an alias.  */
| #if defined __stub_mbschr || defined __stub___mbschr
| choke me
| #endif
| 
| int
| main (void)
| {
| return mbschr ();
|   ;
|   return 0;
| }
configure:7453: result: no
configure:7468: checking for wcrtomb
configure:7468: gcc -o conftest -g -O2   conftest.c  >&5
configure:7468: $? = 0
configure:7468: result: yes
configure:7475: checking for wcscoll
configure:7475: gcc -o conftest -g -O2   conftest.c  >&5
configure:7475: $? = 0
configure:7475: result: yes
configure:7482: checking for wcsdup
configure:7482: gcc -o conftest -g -O2   conftest.c  >&5
configure:7482: $? = 0
configure:7482: result: yes
configure:7489: checking for wcwidth
configure:7489: gcc -o conftest -g -O2   conftest.c  >&5
configure:7489: $? = 0
configure:7489: result: yes
configure:7496: checking for wctype
configure:7496: gcc -o conftest -g -O2   conftest.c  >&5
configure:7496: $? = 0
configure:7496: result: yes
configure:7504: checking for wcswidth
configure:7504: gcc -o conftest -g -O2   conftest.c  >&5
configure:7504: $? = 0
configure:7504: result: yes
configure:7520: checking whether mbrtowc and mbstate_t are properly declared
configure:7541: gcc -o conftest -g -O2   conftest.c  >&5
configure:7541: $? = 0
configure:7550: result: yes
configure:7563: checking for iswlower
configure:7563: gcc -o conftest -g -O2   conftest.c  >&5
configure:7563: $? = 0
configure:7563: result: yes
configure:7569: checking for iswupper
configure:7569: gcc -o conftest -g -O2   conftest.c  >&5
configure:7569: $? = 0
configure:7569: result: yes
configure:7575: checking for towlower
configure:7575: gcc -o conftest -g -O2   conftest.c  >&5
configure:7575: $? = 0
configure:7575: result: yes
configure:7581: checking for towupper
configure:7581: gcc -o conftest -g -O2   conftest.c  >&5
configure:7581: $? = 0
configure:7581: result: yes
configure:7587: checking for iswctype
configure:7587: gcc -o conftest -g -O2   conftest.c  >&5
configure:7587: $? = 0
configure:7587: result: yes
configure:7597: checking for wchar_t in wchar.h
configure:7618: gcc -c -g -O2  conftest.c >&5
configure:7618: $? = 0
configure:7627: result: yes
configure:7635: checking for wctype_t in wctype.h
configure:7656: gcc -c -g -O2  conftest.c >&5
configure:7656: $? = 0
configure:7665: result: yes
configure:7673: checking for wint_t in wctype.h
configure:7694: gcc -c -g -O2  conftest.c >&5
configure:7694: $? = 0
configure:7703: result: yes
configure:7711: checking for wcwidth broken with unicode combining characters
configure:7745: gcc -o conftest -g -O2   conftest.c  >&5
configure:7745: $? = 0
configure:7745: ./conftest
configure:7745: $? = 1
configure: program exited with status 1
configure: failed program was:
| /* confdefs.h */
| #define PACKAGE_NAME "readline"
| #define PACKAGE_TARNAME "readline"
| #define PACKAGE_VERSION "8.2"
| #define PACKAGE_STRING "readline 8.2"
| #define PACKAGE_BUGREPORT "bug-readline@gnu.org"
| #define PACKAGE_URL ""
| #define HAVE_STDIO_H 1
| #define HAVE_STDLIB_H 1
| #define HAVE_STRING_H 1
| #define HAVE_INTTYPES_H 1
| #define HAVE_STDINT_H 1
| #define HAVE_STRINGS_H 1
| #define HAVE_SYS_STAT_H 1
| #define HAVE_SYS_TYPES_H 1
| #define HAVE_UNISTD_H 1
| #define HAVE_WCHAR_H 1
| #define STDC_HEADERS 1
| #define _ALL_SOURCE 1
| #define _DARWIN_C_SOURCE 1
| #define _GNU_SOURCE 1
| #define _HPUX_ALT_XOPEN_SOCKET_API 1
| #define _NETBSD_SOURCE 1
| #define _OPENBSD_SOURCE 1
| #define _POSIX_PTHREAD_SEMANTICS 1
| #define __STDC_WANT_IEC_60559_ATTRIBS_EXT__ 1
| #define __STDC_WANT_IEC_60559_BFP_EXT__ 1
| #define __STDC_WANT_IEC_60559_DFP_EXT__ 1
| #define __STDC_WANT_IEC_60559_FUNCS_EXT__ 1
| #define __STDC_WANT_IEC_60559_TYPES_EXT__ 1
| #define __STDC_WANT_LIB_EXT2__ 1
| #define __STDC_WANT_MATH_SPEC_FUNCS__ 1
| #define _TANDEM_SOURCE 1
| #define __EXTENSIONS__ 1
| #define PROTOTYPES 1
| #define __PROTOTYPES 1
| #define HAVE_DIRENT_H 1
| #define HAVE_FCNTL 1
| #define HAVE_GETTIMEOFDAY 1
| #define HAVE_KILL 1
| #define HAVE_LSTAT 1
| #define HAVE_PSELECT 1
| #define HAVE_READLINK 1
| #define HAVE_SELECT 1
| #define HAVE_SETITIMER 1
| #define HAVE_FNMATCH 1
| #define HAVE_MEMMOVE 1
| #define HAVE_PUTENV 1
| #define HAVE_SETENV 1
| #define HAVE_SETLOCALE 1
| #define HAVE_STRCASECMP 1
| #define HAVE_STRPBRK 1
| #define HAVE_SYSCONF 1
| #define HAVE_TCGETATTR 1
| #define HAVE_VSNPRINTF 1
| #define HAVE_ISASCII 1
| #define HAVE_ISXDIGIT 1
| #define HAVE_GETPWENT 1
| #define HAVE_GETPWNAM 1
| #define HAVE_GETPWUID 1
| #define HAVE_CHOWN 1
| #define HAVE_STRCOLL 1
| #define HAVE_FCNTL_H 1
| #define HAVE_UNISTD_H 1
| #define HAVE_STDLIB_H 1
| #define HAVE_STDARG_H 1
| #define HAVE_STDBOOL_H 1
| #define HAVE_STRING_H 1
| #define HAVE_STRINGS_H 1
| #define HAVE_LIMITS_H 1
| #define HAVE_LOCALE_H 1
| #define HAVE_PWD_H 1
| #define HAVE_MEMORY_H 1
| #define HAVE_TERMCAP_H 1
| #define HAVE_TERMIOS_H 1
| #define HAVE_SYS_IOCTL_H 1
| #define HAVE_SYS_SELECT_H 1
| #define HAVE_SYS_TIME_H 1
| #define HAVE_SYS_FILE_H 1
| #define HAVE_POSIX_SIGNALS 1
| #define HAVE_POSIX_SIGSETJMP 1
| #define HAVE_LSTAT 1
| #define HAVE_GETPW_DECLS 1
| #define HAVE_INTTYPES_H 1
| #define TIOCSTAT_IN_SYS_IOCTL 1
| #define FIONREAD_IN_SYS_IOCTL 1
| #define STRUCT_WINSIZE_IN_SYS_IOCTL 1
| #define HAVE_STRUCT_DIRENT_D_INO 1
| #define HAVE_STRUCT_DIRENT_D_INO 1
| #define HAVE_STRUCT_DIRENT_D_FILENO 1
| #define HAVE_STRUCT_DIRENT_D_FILENO 1
| #define HAVE_TIMEVAL 1
| #define HAVE_DECL_AUDIT_USER_TTY 0
| #define HAVE_LANGINFO_CODESET 1
| #define HAVE_WCTYPE_H 1
| #define HAVE_WCHAR_H 1
| #define HAVE_LANGINFO_H 1
| #define HAVE_MBRLEN 1
| #define HAVE_MBSNRTOWCS 1
| #define HAVE_MBSRTOWCS 1
| #define HAVE_WCRTOMB 1
| #define HAVE_WCSCOLL 1
| #define HAVE_WCSDUP 1
| #define HAVE_WCWIDTH 1
| #define HAVE_WCTYPE 1
| #define HAVE_WCSWIDTH 1
| #define HAVE_MBRTOWC 1
| #define HAVE_MBSTATE_T 1
| #define HAVE_ISWLOWER 1
| #define HAVE_ISWUPPER 1
| #define HAVE_TOWLOWER 1
| #define HAVE_TOWUPPER 1
| #define HAVE_ISWCTYPE 1
| #define HAVE_WCHAR_T 1
| #define HAVE_WCTYPE_T 1
| #define HAVE_WINT_T 1
| /* end confdefs.h.  */
| 
| #include <unistd.h>
| #include <stdlib.h>
| #include <stdio.h>
| 
| #include <locale.h>
| #include <wchar.h>
| 
| int
| main(c, v)
| int     c;
| char    **v;
| {
|         int     w;
| 
|         setlocale(LC_ALL, "en_US.UTF-8");
|         w = wcwidth (0x0301);
|         exit (w == 0);  /* exit 0 if wcwidth broken */
| }
| 
configure:7756: result: no
configure:7781: checking size of wchar_t
configure:7787: gcc -o conftest -g -O2   conftest.c  >&5
configure:7787: $? = 0
configure:7787: ./conftest
configure:7787: $? = 0
configure:7802: result: 4
configure:7829: checking configuration for building shared libraries
configure:7855: result: supported
configure:8045: creating ./config.status

## ---------------------- ##
## Running config.status. ##
## ---------------------- ##

This file was extended by readline config.status 8.2, which was
generated by GNU Autoconf 2.71.  Invocation command line was

  CONFIG_FILES    = 
  CONFIG_HEADERS  = 
  CONFIG_LINKS    = 
  CONFIG_COMMANDS = 
  $ ./config.status 

on macs-Mac-mini.home

config.status:951: creating Makefile
config.status:951: creating doc/Makefile
config.status:951: creating examples/Makefile
config.status:951: creating shlib/Makefile
config.status:951: creating readline.pc
config.status:951: creating history.pc
config.status:951: creating config.h
config.status:1126: config.h is unchanged
config.status:1140: executing stamp-h commands

## ---------------- ##
## Cache variables. ##
## ---------------- ##

ac_cv_build=x86_64-apple-darwin19.6.0
ac_cv_c_char_unsigned=no
ac_cv_c_compiler_gnu=yes
ac_cv_c_const=yes
ac_cv_c_inline=inline
ac_cv_c_undeclared_builtin_options='none needed'
ac_cv_c_volatile=yes
ac_cv_env_CC_set=
ac_cv_env_CC_value=
ac_cv_env_CFLAGS_set=
ac_cv_env_CFLAGS_value=
ac_cv_env_CPPFLAGS_set=
ac_cv_env_CPPFLAGS_value=
ac_cv_env_CPP_set=
ac_cv_env_CPP_value=
ac_cv_env_LDFLAGS_set=
ac_cv_env_LDFLAGS_value=
ac_cv_env_LIBS_set=
ac_cv_env_LIBS_value=
ac_cv_env_build_alias_set=
ac_cv_env_build_alias_value=
ac_cv_env_host_alias_set=
ac_cv_env_host_alias_value=
ac_cv_env_target_alias_set=
ac_cv_env_target_alias_value=
ac_cv_func_chown_works=yes
ac_cv_func_fcntl=yes
ac_cv_func_fnmatch=yes
ac_cv_func_getpwent=yes
ac_cv_func_getpwnam=yes
ac_cv_func_getpwuid=yes
ac_cv_func_gettimeofday=yes
ac_cv_func_isascii=yes
ac_cv_func_iswctype=yes
ac_cv_func_iswlower=yes
ac_cv_func_iswupper=yes
ac_cv_func_isxdigit=yes
ac_cv_func_kill=yes
ac_cv_func_lstat=yes
ac_cv_func_mbrlen=yes
ac_cv_func_mbrtowc=yes
ac_cv_func_mbscasecmp=no
ac_cv_func_mbschr=no
ac_cv_func_mbscmp=no
ac_cv_func_mbsnrtowcs=yes
ac_cv_func_mbsrtowcs=yes
ac_cv_func_memmove=yes
ac_cv_func_pselect=yes
ac_cv_func_putenv=yes
ac_cv_func_readlink=yes
ac_cv_func_select=yes
ac_cv_func_setenv=yes
ac_cv_func_setitimer=yes
ac_cv_func_setlocale=yes
ac_cv_func_strcasecmp=yes
ac_cv_func_strcoll_works=yes
ac_cv_func_strpbrk=yes
ac_cv_func_sysconf=yes
ac_cv_func_tcgetattr=yes
ac_cv_func_tgetent=no
ac_cv_func_towlower=yes
ac_cv_func_towupper=yes
ac_cv_func_vsnprintf=yes
ac_cv_func_wcrtomb=yes
ac_cv_func_wcscoll=yes
ac_cv_func_wcsdup=yes
ac_cv_func_wcswidth=yes
ac_cv_func_wctype=yes
ac_cv_func_wcwidth=yes
ac_cv_have_decl_AUDIT_USER_TTY=no
ac_cv_have_sig_atomic_t=yes
ac_cv_header_dirent_dirent_h=yes
ac_cv_header_fcntl_h=yes
ac_cv_header_inttypes_h=yes
ac_cv_header_langinfo_h=yes
ac_cv_header_libaudit_h=no
ac_cv_header_limits_h=yes
ac_cv_header_locale_h=yes
ac_cv_header_mbstr_h=no
ac_cv_header_memory_h=yes
ac_cv_header_minix_config_h=no
ac_cv_header_pwd_h=yes
ac_cv_header_stat_broken=no
ac_cv_header_stdarg_h=yes
ac_cv_header_stdbool_h=yes
ac_cv_header_stdint_h=yes
ac_cv_header_stdio_h=yes
ac_cv_header_stdlib_h=yes
ac_cv_header_string_h=yes
ac_cv_header_strings_h=yes
ac_cv_header_sys_file_h=yes
ac_cv_header_sys_ioctl_h=yes
ac_cv_header_sys_pte_h=no
ac_cv_header_sys_ptem_h=no
ac_cv_header_sys_select_h=yes
ac_cv_header_sys_stat_h=yes
ac_cv_header_sys_stream_h=no
ac_cv_header_sys_time_h=yes
ac_cv_header_sys_types_h=yes
ac_cv_header_termcap_h=yes
ac_cv_header_termio_h=no
ac_cv_header_termios_h=yes
ac_cv_header_unistd_h=yes
ac_cv_header_varargs_h=no
ac_cv_header_wchar_h=yes
ac_cv_header_wctype_h=yes
ac_cv_host=x86_64-apple-darwin19.6.0
ac_cv_lib_termcap_tgetent=yes
ac_cv_member_struct_dirent_d_fileno=yes
ac_cv_member_struct_dirent_d_ino=yes
ac_cv_objext=o
ac_cv_path_EGREP='/usr/bin/grep -E'
ac_cv_path_GREP=/usr/bin/grep
ac_cv_path_install='/usr/bin/install -c'
ac_cv_prog_CPP='gcc -E'
ac_cv_prog_ac_ct_AR=ar
ac_cv_prog_ac_ct_CC=gcc
ac_cv_prog_ac_ct_RANLIB=ranlib
ac_cv_prog_cc_c11=
ac_cv_prog_cc_g=yes
ac_cv_prog_cc_stdc=
ac_cv_prog_gcc_traditional=no
ac_cv_prog_make_make_set=yes
ac_cv_safe_to_define___extensions__=yes
ac_cv_search_opendir='none required'
ac_cv_should_define__xopen_source=no
ac_cv_sizeof_wchar_t=4
ac_cv_sys_file_offset_bits=no
ac_cv_sys_largefile_CC=no
ac_cv_sys_tiocgwinsz_in_termios_h=yes
ac_cv_type_size_t=yes
ac_cv_type_ssize_t=yes
ac_cv_type_uid_t=yes
am_cv_langinfo_codeset=yes
bash_cv_dirent_has_d_fileno=yes
bash_cv_dirent_has_d_ino=yes
bash_cv_fionread_in_ioctl=yes
bash_cv_func_lstat=yes
bash_cv_func_sigsetjmp=present
bash_cv_func_strcoll_broken=no
bash_cv_getpw_declared=yes
bash_cv_must_reinstall_sighandlers=no
bash_cv_posix_signals=yes
bash_cv_signal_vintage=posix
bash_cv_speed_t_in_sys_types=no
bash_cv_struct_timeval=yes
bash_cv_struct_winsize_header=ioctl_h
bash_cv_struct_winsize_ioctl=yes
bash_cv_struct_winsize_termios=yes
bash_cv_termcap_lib=libtermcap
bash_cv_tiocstat_in_ioctl=yes
bash_cv_type_wchar_t=yes
bash_cv_type_wctype_t=yes
bash_cv_type_wint_t=yes
bash_cv_wcwidth_broken=no

## ----------------- ##
## Output variables. ##
## ----------------- ##

AR='ar'
ARFLAGS='cr'
BRACKETED_PASTE='-DBRACKETED_PASTE_DEFAULT=1'
BUILD_DIR='/Users/mac/Documents/GitHub/Minishell/readline'
CC='gcc'
CFLAGS='-g -O2 -Wno-parentheses -Wno-format-security -Wno-tautological-constant-out-of-range-compare'
CPP='gcc -E'
CPPFLAGS=''
CROSS_COMPILE=''
DEFS='-DHAVE_CONFIG_H'
ECHO_C='\c'
ECHO_N=''
ECHO_T=''
EGREP='/usr/bin/grep -E'
EXAMPLES_INSTALL_TARGET='install-examples'
EXEEXT=''
GREP='/usr/bin/grep'
INSTALL_DATA='${INSTALL} -m 644'
INSTALL_PROGRAM='${INSTALL}'
INSTALL_SCRIPT='${INSTALL}'
LDFLAGS=''
LIBOBJS=' ${LIBOBJDIR}mbschr$U.o'
LIBS=''
LIBVERSION='8.2'
LOCAL_CFLAGS=''
LOCAL_DEFS=''
LOCAL_LDFLAGS=''
LTLIBOBJS=' ${LIBOBJDIR}mbschr$U.lo'
MAKE_SHELL='/bin/sh'
OBJEXT='o'
PACKAGE_BUGREPORT='bug-readline@gnu.org'
PACKAGE_NAME='readline'
PACKAGE_STRING='readline 8.2'
PACKAGE_TARNAME='readline'
PACKAGE_URL=''
PACKAGE_VERSION='8.2'
PATH_SEPARATOR=':'
RANLIB='ranlib'
SET_MAKE=''
SHARED_INSTALL_TARGET='install-shared'
SHARED_TARGET='shared'
SHELL='/bin/sh'
SHLIB_DLLVERSION='$(SHLIB_MAJOR)'
SHLIB_DOT='.'
SHLIB_LIBPREF='lib'
SHLIB_LIBS='-lncurses'
SHLIB_LIBSUFF='dylib'
SHLIB_LIBVERSION='$(SHLIB_MAJOR)$(SHLIB_MINOR).$(SHLIB_LIBSUFF)'
SHLIB_MAJOR='8'
SHLIB_MINOR='2'
SHLIB_STATUS='supported'
SHLIB_XLDFLAGS='-dynamiclib -install_name $(libdir)/`echo $@ | sed "s:\..*::"`.$(SHLIB_MAJOR).$(SHLIB_LIBSUFF) -current_version $(SHLIB_MAJOR)$(SHLIB_MINOR) -compatibility_version $(SHLIB_MAJOR)$(SHLIB_MINOR) -v'
SHOBJ_CC='gcc'
SHOBJ_CFLAGS='-fno-common'
SHOBJ_LD='${CC}'
SHOBJ_LDFLAGS='-dynamiclib -dynamic -undefined dynamic_lookup '
SHOBJ_LIBS=''
SHOBJ_STATUS='supported'
SHOBJ_XLDFLAGS=''
STATIC_INSTALL_TARGET='install-static'
STATIC_TARGET='static'
TERMCAP_LIB='-ltermcap'
TERMCAP_PKG_CONFIG_LIB='termcap'
ac_ct_CC='gcc'
bindir='${exec_prefix}/bin'
build='x86_64-apple-darwin19.6.0'
build_alias=''
build_cpu='x86_64'
build_os='darwin19.6.0'
build_vendor='apple'
datadir='${datarootdir}'
datarootdir='${prefix}/share'
docdir='${datarootdir}/doc/${PACKAGE_TARNAME}'
dvidir='${docdir}'
exec_prefix='${prefix}'
host='x86_64-apple-darwin19.6.0'
host_alias=''
host_cpu='x86_64'
host_os='darwin19.6.0'
host_vendor='apple'
htmldir='${docdir}'
includedir='${prefix}/include'
infodir='${datarootdir}/info'
libdir='${exec_prefix}/lib'
libexecdir='${exec_prefix}/libexec'
localedir='${datarootdir}/locale'
localstatedir='${prefix}/var'
mandir='${datarootdir}/man'
oldincludedir='/usr/include'
pdfdir='${docdir}'
prefix='/usr/local'
program_transform_name='s,x,x,'
psdir='${docdir}'
runstatedir='${localstatedir}/run'
sbindir='${exec_prefix}/sbin'
sharedstatedir='${prefix}/com'
sysconfdir='${prefix}/etc'
target_alias=''

## ----------- ##
## confdefs.h. ##
## ----------- ##

/* confdefs.h */
#define PACKAGE_NAME "readline"
#define PACKAGE_TARNAME "readline"
#define PACKAGE_VERSION "8.2"
#define PACKAGE_STRING "readline 8.2"
#define PACKAGE_BUGREPORT "bug-readline@gnu.org"
#define PACKAGE_URL ""
#define HAVE_STDIO_H 1
#define HAVE_STDLIB_H 1
#define HAVE_STRING_H 1
#define HAVE_INTTYPES_H 1
#define HAVE_STDINT_H 1
#define HAVE_STRINGS_H 1
#define HAVE_SYS_STAT_H 1
#define HAVE_SYS_TYPES_H 1
#define HAVE_UNISTD_H 1
#define HAVE_WCHAR_H 1
#define STDC_HEADERS 1
#define _ALL_SOURCE 1
#define _DARWIN_C_SOURCE 1
#define _GNU_SOURCE 1
#define _HPUX_ALT_XOPEN_SOCKET_API 1
#define _NETBSD_SOURCE 1
#define _OPENBSD_SOURCE 1
#define _POSIX_PTHREAD_SEMANTICS 1
#define __STDC_WANT_IEC_60559_ATTRIBS_EXT__ 1
#define __STDC_WANT_IEC_60559_BFP_EXT__ 1
#define __STDC_WANT_IEC_60559_DFP_EXT__ 1
#define __STDC_WANT_IEC_60559_FUNCS_EXT__ 1
#define __STDC_WANT_IEC_60559_TYPES_EXT__ 1
#define __STDC_WANT_LIB_EXT2__ 1
#define __STDC_WANT_MATH_SPEC_FUNCS__ 1
#define _TANDEM_SOURCE 1
#define __EXTENSIONS__ 1
#define PROTOTYPES 1
#define __PROTOTYPES 1
#define HAVE_DIRENT_H 1
#define HAVE_FCNTL 1
#define HAVE_GETTIMEOFDAY 1
#define HAVE_KILL 1
#define HAVE_LSTAT 1
#define HAVE_PSELECT 1
#define HAVE_READLINK 1
#define HAVE_SELECT 1
#define HAVE_SETITIMER 1
#define HAVE_FNMATCH 1
#define HAVE_MEMMOVE 1
#define HAVE_PUTENV 1
#define HAVE_SETENV 1
#define HAVE_SETLOCALE 1
#define HAVE_STRCASECMP 1
#define HAVE_STRPBRK 1
#define HAVE_SYSCONF 1
#define HAVE_TCGETATTR 1
#define HAVE_VSNPRINTF 1
#define HAVE_ISASCII 1
#define HAVE_ISXDIGIT 1
#define HAVE_GETPWENT 1
#define HAVE_GETPWNAM 1
#define HAVE_GETPWUID 1
#define HAVE_CHOWN 1
#define HAVE_STRCOLL 1
#define HAVE_FCNTL_H 1
#define HAVE_UNISTD_H 1
#define HAVE_STDLIB_H 1
#define HAVE_STDARG_H 1
#define HAVE_STDBOOL_H 1
#define HAVE_STRING_H 1
#define HAVE_STRINGS_H 1
#define HAVE_LIMITS_H 1
#define HAVE_LOCALE_H 1
#define HAVE_PWD_H 1
#define HAVE_MEMORY_H 1
#define HAVE_TERMCAP_H 1
#define HAVE_TERMIOS_H 1
#define HAVE_SYS_IOCTL_H 1
#define HAVE_SYS_SELECT_H 1
#define HAVE_SYS_TIME_H 1
#define HAVE_SYS_FILE_H 1
#define HAVE_POSIX_SIGNALS 1
#define HAVE_POSIX_SIGSETJMP 1
#define HAVE_LSTAT 1
#define HAVE_GETPW_DECLS 1
#define HAVE_INTTYPES_H 1
#define TIOCSTAT_IN_SYS_IOCTL 1
#define FIONREAD_IN_SYS_IOCTL 1
#define STRUCT_WINSIZE_IN_SYS_IOCTL 1
#define HAVE_STRUCT_DIRENT_D_INO 1
#define HAVE_STRUCT_DIRENT_D_INO 1
#define HAVE_STRUCT_DIRENT_D_FILENO 1
#define HAVE_STRUCT_DIRENT_D_FILENO 1
#define HAVE_TIMEVAL 1
#define HAVE_DECL_AUDIT_USER_TTY 0
#define HAVE_LANGINFO_CODESET 1
#define HAVE_WCTYPE_H 1
#define HAVE_WCHAR_H 1
#define HAVE_LANGINFO_H 1
#define HAVE_MBRLEN 1
#define HAVE_MBSNRTOWCS 1
#define HAVE_MBSRTOWCS 1
#define HAVE_WCRTOMB 1
#define HAVE_WCSCOLL 1
#define HAVE_WCSDUP 1
#define HAVE_WCWIDTH 1
#define HAVE_WCTYPE 1
#define HAVE_WCSWIDTH 1
#define HAVE_MBRTOWC 1
#define HAVE_MBSTATE_T 1
#define HAVE_ISWLOWER 1
#define HAVE_ISWUPPER 1
#define HAVE_TOWLOWER 1
#define HAVE_TOWUPPER 1
#define HAVE_ISWCTYPE 1
#define HAVE_WCHAR_T 1
#define HAVE_WCTYPE_T 1
#define HAVE_WINT_T 1
#define SIZEOF_WCHAR_T 4

configure: exit 0
